2015/04/11 08:31:58 [error] [exception.CHttpException.404] exception 'CHttpException' with message 'Unable to resolve the request "images/avatar/65-150x150-administrator.jpg".' in D:\xampp\htdocs\taro_simpeg\common\lib\yii\web\CWebApplication.php:286
Stack trace:
#0 D:\xampp\htdocs\taro_simpeg\common\lib\yii\web\CWebApplication.php(141): CWebApplication->runController('images/avatar/6...')
#1 D:\xampp\htdocs\taro_simpeg\common\lib\yii\base\CApplication.php(180): CWebApplication->processRequest()
#2 D:\xampp\htdocs\taro_simpeg\taro_simpeg\www\simpeg.sampang\index.php(16): CApplication->run()
#3 {main}
REQUEST_URI=/taro_simpeg/taro_simpeg/www/simpeg.sampang/images/avatar/65-150x150-administrator.jpg
HTTP_REFERER=http://localhost/taro_simpeg/taro_simpeg/www/simpeg.sampang/pegawai/importData.html
---
2015/04/11 08:32:04 [error] [php] iconv(): Detected an incomplete multibyte character in input string (D:\xampp\htdocs\taro_simpeg\common\extensions\Spreadsheet_Excel_Reader.php:1720)
Stack trace:
#0 D:\xampp\htdocs\taro_simpeg\common\extensions\Spreadsheet_Excel_Reader.php(1317): Spreadsheet_Excel_Reader->_parsesheet()
#1 D:\xampp\htdocs\taro_simpeg\common\extensions\Spreadsheet_Excel_Reader.php(990): Spreadsheet_Excel_Reader->_parse()
#2 D:\xampp\htdocs\taro_simpeg\common\extensions\Spreadsheet_Excel_Reader.php(930): Spreadsheet_Excel_Reader->read()
#3 D:\xampp\htdocs\taro_simpeg\taro_simpeg\controllers\PegawaiController.php(489): Spreadsheet_Excel_Reader->Spreadsheet_Excel_Reader()
#4 D:\xampp\htdocs\taro_simpeg\common\lib\yii\web\actions\CInlineAction.php(49): PegawaiController->actionImportData()
#5 D:\xampp\htdocs\taro_simpeg\common\lib\yii\web\CController.php(308): CInlineAction->runWithParams()
#6 D:\xampp\htdocs\taro_simpeg\common\lib\yii\web\filters\CFilterChain.php(133): PegawaiController->runAction()
#7 D:\xampp\htdocs\taro_simpeg\common\lib\yii\web\filters\CFilter.php(40): CFilterChain->run()
#8 D:\xampp\htdocs\taro_simpeg\common\lib\yii\web\CController.php(1145): CAccessControlFilter->filter()
#9 D:\xampp\htdocs\taro_simpeg\common\lib\yii\web\filters\CInlineFilter.php(58): PegawaiController->filterAccessControl()
#10 D:\xampp\htdocs\taro_simpeg\common\lib\yii\web\filters\CFilterChain.php(130): CInlineFilter->filter()
#11 D:\xampp\htdocs\taro_simpeg\common\lib\yii\web\CController.php(291): CFilterChain->run()
#12 D:\xampp\htdocs\taro_simpeg\common\lib\yii\web\CController.php(265): PegawaiController->runActionWithFilters()
#13 D:\xampp\htdocs\taro_simpeg\common\lib\yii\web\CWebApplication.php(282): PegawaiController->run()
#14 D:\xampp\htdocs\taro_simpeg\common\lib\yii\web\CWebApplication.php(141): CWebApplication->runController()
#15 D:\xampp\htdocs\taro_simpeg\common\lib\yii\base\CApplication.php(180): CWebApplication->processRequest()
#16 D:\xampp\htdocs\taro_simpeg\taro_simpeg\www\simpeg.sampang\index.php(16): CWebApplication->run()
REQUEST_URI=/taro_simpeg/taro_simpeg/www/simpeg.sampang/pegawai/importData.html
2015/04/11 08:33:29 [error] [exception.CHttpException.404] exception 'CHttpException' with message 'Unable to resolve the request "images/avatar/65-150x150-administrator.jpg".' in D:\xampp\htdocs\taro_simpeg\common\lib\yii\web\CWebApplication.php:286
Stack trace:
#0 D:\xampp\htdocs\taro_simpeg\common\lib\yii\web\CWebApplication.php(141): CWebApplication->runController('images/avatar/6...')
#1 D:\xampp\htdocs\taro_simpeg\common\lib\yii\base\CApplication.php(180): CWebApplication->processRequest()
#2 D:\xampp\htdocs\taro_simpeg\taro_simpeg\www\simpeg.sampang\index.php(16): CApplication->run()
#3 {main}
REQUEST_URI=/taro_simpeg/taro_simpeg/www/simpeg.sampang/images/avatar/65-150x150-administrator.jpg
HTTP_REFERER=http://localhost/taro_simpeg/taro_simpeg/www/simpeg.sampang/pegawai/importData.html
---
2015/04/11 08:33:34 [error] ['Nip :0000000000000000'] Landa Var Dump
2015/04/11 08:33:34 [error] ['Nip :'] Landa Var Dump
2015/04/11 08:33:34 [error] ['Nip :'] Landa Var Dump
2015/04/11 08:33:34 [error] ['Nip :'] Landa Var Dump
2015/04/11 08:33:34 [error] ['Nip :'] Landa Var Dump
2015/04/11 08:33:34 [error] ['Nip :'] Landa Var Dump
2015/04/11 08:33:34 [error] ['Nip :'] Landa Var Dump
2015/04/11 08:33:34 [error] ['Nip :'] Landa Var Dump
2015/04/11 08:33:34 [error] ['Nip :'] Landa Var Dump
2015/04/11 08:33:34 [error] ['Nip :'] Landa Var Dump
2015/04/11 08:33:34 [error] ['Nip :'] Landa Var Dump
2015/04/11 08:33:34 [error] ['Nip :'] Landa Var Dump
2015/04/11 08:33:34 [error] ['Nip :'] Landa Var Dump
2015/04/11 08:33:34 [error] ['Nip :'] Landa Var Dump
2015/04/11 08:33:34 [error] ['Nip :'] Landa Var Dump
2015/04/11 08:33:34 [error] ['Nip :'] Landa Var Dump
2015/04/11 08:33:34 [error] ['Nip :'] Landa Var Dump
2015/04/11 08:33:34 [error] ['Nip :'] Landa Var Dump
2015/04/11 08:33:34 [error] ['Nip :'] Landa Var Dump
2015/04/11 08:33:34 [error] ['Nip :'] Landa Var Dump
2015/04/11 08:33:34 [error] ['Nip :'] Landa Var Dump
2015/04/11 08:33:34 [error] ['Nip :'] Landa Var Dump
2015/04/11 08:33:34 [error] ['Nip :'] Landa Var Dump
2015/04/11 08:33:34 [error] ['Nip :'] Landa Var Dump
2015/04/11 08:33:34 [error] ['Nip :'] Landa Var Dump
2015/04/11 08:33:34 [error] [exception.CHttpException.404] exception 'CHttpException' with message 'Unable to resolve the request "images/avatar/65-150x150-administrator.jpg".' in D:\xampp\htdocs\taro_simpeg\common\lib\yii\web\CWebApplication.php:286
Stack trace:
#0 D:\xampp\htdocs\taro_simpeg\common\lib\yii\web\CWebApplication.php(141): CWebApplication->runController('images/avatar/6...')
#1 D:\xampp\htdocs\taro_simpeg\common\lib\yii\base\CApplication.php(180): CWebApplication->processRequest()
#2 D:\xampp\htdocs\taro_simpeg\taro_simpeg\www\simpeg.sampang\index.php(16): CApplication->run()
#3 {main}
REQUEST_URI=/taro_simpeg/taro_simpeg/www/simpeg.sampang/images/avatar/65-150x150-administrator.jpg
HTTP_REFERER=http://localhost/taro_simpeg/taro_simpeg/www/simpeg.sampang/pegawai/importData.html
---
2015/04/11 08:50:01 [error] [exception.CHttpException.404] exception 'CHttpException' with message 'Unable to resolve the request "images/avatar/65-150x150-administrator.jpg".' in D:\xampp\htdocs\taro_simpeg\common\lib\yii\web\CWebApplication.php:286
Stack trace:
#0 D:\xampp\htdocs\taro_simpeg\common\lib\yii\web\CWebApplication.php(141): CWebApplication->runController('images/avatar/6...')
#1 D:\xampp\htdocs\taro_simpeg\common\lib\yii\base\CApplication.php(180): CWebApplication->processRequest()
#2 D:\xampp\htdocs\taro_simpeg\taro_simpeg\www\simpeg.sampang\index.php(16): CApplication->run()
#3 {main}
REQUEST_URI=/taro_simpeg/taro_simpeg/www/simpeg.sampang/images/avatar/65-150x150-administrator.jpg
HTTP_REFERER=http://localhost/taro_simpeg/taro_simpeg/www/simpeg.sampang/pegawai/importData.html
---
2015/04/11 08:50:12 [error] [exception.CHttpException.404] exception 'CHttpException' with message 'Unable to resolve the request "images/avatar/65-150x150-administrator.jpg".' in D:\xampp\htdocs\taro_simpeg\common\lib\yii\web\CWebApplication.php:286
Stack trace:
#0 D:\xampp\htdocs\taro_simpeg\common\lib\yii\web\CWebApplication.php(141): CWebApplication->runController('images/avatar/6...')
#1 D:\xampp\htdocs\taro_simpeg\common\lib\yii\base\CApplication.php(180): CWebApplication->processRequest()
#2 D:\xampp\htdocs\taro_simpeg\taro_simpeg\www\simpeg.sampang\index.php(16): CApplication->run()
#3 {main}
REQUEST_URI=/taro_simpeg/taro_simpeg/www/simpeg.sampang/images/avatar/65-150x150-administrator.jpg
HTTP_REFERER=http://localhost/taro_simpeg/taro_simpeg/www/simpeg.sampang/pegawai.html
---
2015/04/11 08:50:19 [error] [exception.CHttpException.404] exception 'CHttpException' with message 'Unable to resolve the request "images/avatar/65-150x150-administrator.jpg".' in D:\xampp\htdocs\taro_simpeg\common\lib\yii\web\CWebApplication.php:286
Stack trace:
#0 D:\xampp\htdocs\taro_simpeg\common\lib\yii\web\CWebApplication.php(141): CWebApplication->runController('images/avatar/6...')
#1 D:\xampp\htdocs\taro_simpeg\common\lib\yii\base\CApplication.php(180): CWebApplication->processRequest()
#2 D:\xampp\htdocs\taro_simpeg\taro_simpeg\www\simpeg.sampang\index.php(16): CApplication->run()
#3 {main}
REQUEST_URI=/taro_simpeg/taro_simpeg/www/simpeg.sampang/images/avatar/65-150x150-administrator.jpg
HTTP_REFERER=http://localhost/taro_simpeg/taro_simpeg/www/simpeg.sampang/pegawai.html
---
2015/04/11 08:50:28 [error] [exception.CHttpException.404] exception 'CHttpException' with message 'Unable to resolve the request "images/avatar/65-150x150-administrator.jpg".' in D:\xampp\htdocs\taro_simpeg\common\lib\yii\web\CWebApplication.php:286
Stack trace:
#0 D:\xampp\htdocs\taro_simpeg\common\lib\yii\web\CWebApplication.php(141): CWebApplication->runController('images/avatar/6...')
#1 D:\xampp\htdocs\taro_simpeg\common\lib\yii\base\CApplication.php(180): CWebApplication->processRequest()
#2 D:\xampp\htdocs\taro_simpeg\taro_simpeg\www\simpeg.sampang\index.php(16): CApplication->run()
#3 {main}
REQUEST_URI=/taro_simpeg/taro_simpeg/www/simpeg.sampang/images/avatar/65-150x150-administrator.jpg
HTTP_REFERER=http://localhost/taro_simpeg/taro_simpeg/www/simpeg.sampang/pegawai.html
---
2015/04/11 08:50:28 [error] [exception.CHttpException.404] exception 'CHttpException' with message 'Unable to resolve the request "images/pegawai/7895-150x150-foto".' in D:\xampp\htdocs\taro_simpeg\common\lib\yii\web\CWebApplication.php:286
Stack trace:
#0 D:\xampp\htdocs\taro_simpeg\common\lib\yii\web\CWebApplication.php(141): CWebApplication->runController('images/pegawai/...')
#1 D:\xampp\htdocs\taro_simpeg\common\lib\yii\base\CApplication.php(180): CWebApplication->processRequest()
#2 D:\xampp\htdocs\taro_simpeg\taro_simpeg\www\simpeg.sampang\index.php(16): CApplication->run()
#3 {main}
REQUEST_URI=/taro_simpeg/taro_simpeg/www/simpeg.sampang/images/pegawai/7895-150x150-foto
HTTP_REFERER=http://localhost/taro_simpeg/taro_simpeg/www/simpeg.sampang/pegawai.html
---
2015/04/11 08:50:39 [error] [exception.CHttpException.404] exception 'CHttpException' with message 'Unable to resolve the request "images/avatar/65-150x150-administrator.jpg".' in D:\xampp\htdocs\taro_simpeg\common\lib\yii\web\CWebApplication.php:286
Stack trace:
#0 D:\xampp\htdocs\taro_simpeg\common\lib\yii\web\CWebApplication.php(141): CWebApplication->runController('images/avatar/6...')
#1 D:\xampp\htdocs\taro_simpeg\common\lib\yii\base\CApplication.php(180): CWebApplication->processRequest()
#2 D:\xampp\htdocs\taro_simpeg\taro_simpeg\www\simpeg.sampang\index.php(16): CApplication->run()
#3 {main}
REQUEST_URI=/taro_simpeg/taro_simpeg/www/simpeg.sampang/images/avatar/65-150x150-administrator.jpg
HTTP_REFERER=http://localhost/taro_simpeg/taro_simpeg/www/simpeg.sampang/pegawai/7895.html
---
2015/04/11 08:50:39 [error] [exception.CHttpException.404] exception 'CHttpException' with message 'Unable to resolve the request "images/pegawai/7895-350x350-foto".' in D:\xampp\htdocs\taro_simpeg\common\lib\yii\web\CWebApplication.php:286
Stack trace:
#0 D:\xampp\htdocs\taro_simpeg\common\lib\yii\web\CWebApplication.php(141): CWebApplication->runController('images/pegawai/...')
#1 D:\xampp\htdocs\taro_simpeg\common\lib\yii\base\CApplication.php(180): CWebApplication->processRequest()
#2 D:\xampp\htdocs\taro_simpeg\taro_simpeg\www\simpeg.sampang\index.php(16): CApplication->run()
#3 {main}
REQUEST_URI=/taro_simpeg/taro_simpeg/www/simpeg.sampang/images/pegawai/7895-350x350-foto
HTTP_REFERER=http://localhost/taro_simpeg/taro_simpeg/www/simpeg.sampang/pegawai/7895.html
---
2015/04/11 09:00:11 [error] [exception.CHttpException.404] exception 'CHttpException' with message 'Unable to resolve the request "images/avatar/65-150x150-administrator.jpg".' in D:\xampp\htdocs\taro_simpeg\common\lib\yii\web\CWebApplication.php:286
Stack trace:
#0 D:\xampp\htdocs\taro_simpeg\common\lib\yii\web\CWebApplication.php(141): CWebApplication->runController('images/avatar/6...')
#1 D:\xampp\htdocs\taro_simpeg\common\lib\yii\base\CApplication.php(180): CWebApplication->processRequest()
#2 D:\xampp\htdocs\taro_simpeg\taro_simpeg\www\simpeg.sampang\index.php(16): CApplication->run()
#3 {main}
REQUEST_URI=/taro_simpeg/taro_simpeg/www/simpeg.sampang/images/avatar/65-150x150-administrator.jpg
HTTP_REFERER=http://localhost/taro_simpeg/taro_simpeg/www/simpeg.sampang/pegawai/importData.html
---
2015/04/11 09:00:16 [error] [exception.CHttpException.404] exception 'CHttpException' with message 'Unable to resolve the request "images/avatar/65-150x150-administrator.jpg".' in D:\xampp\htdocs\taro_simpeg\common\lib\yii\web\CWebApplication.php:286
Stack trace:
#0 D:\xampp\htdocs\taro_simpeg\common\lib\yii\web\CWebApplication.php(141): CWebApplication->runController('images/avatar/6...')
#1 D:\xampp\htdocs\taro_simpeg\common\lib\yii\base\CApplication.php(180): CWebApplication->processRequest()
#2 D:\xampp\htdocs\taro_simpeg\taro_simpeg\www\simpeg.sampang\index.php(16): CApplication->run()
#3 {main}
REQUEST_URI=/taro_simpeg/taro_simpeg/www/simpeg.sampang/images/avatar/65-150x150-administrator.jpg
HTTP_REFERER=http://localhost/taro_simpeg/taro_simpeg/www/simpeg.sampang/pegawai/importData.html
---
2015/04/11 09:00:25 [error] [exception.CHttpException.404] exception 'CHttpException' with message 'Unable to resolve the request "images/avatar/65-150x150-administrator.jpg".' in D:\xampp\htdocs\taro_simpeg\common\lib\yii\web\CWebApplication.php:286
Stack trace:
#0 D:\xampp\htdocs\taro_simpeg\common\lib\yii\web\CWebApplication.php(141): CWebApplication->runController('images/avatar/6...')
#1 D:\xampp\htdocs\taro_simpeg\common\lib\yii\base\CApplication.php(180): CWebApplication->processRequest()
#2 D:\xampp\htdocs\taro_simpeg\taro_simpeg\www\simpeg.sampang\index.php(16): CApplication->run()
#3 {main}
REQUEST_URI=/taro_simpeg/taro_simpeg/www/simpeg.sampang/images/avatar/65-150x150-administrator.jpg
HTTP_REFERER=http://localhost/taro_simpeg/taro_simpeg/www/simpeg.sampang/pegawai/7895.html
---
2015/04/11 09:00:25 [error] [exception.CHttpException.404] exception 'CHttpException' with message 'Unable to resolve the request "images/pegawai/7895-350x350-foto".' in D:\xampp\htdocs\taro_simpeg\common\lib\yii\web\CWebApplication.php:286
Stack trace:
#0 D:\xampp\htdocs\taro_simpeg\common\lib\yii\web\CWebApplication.php(141): CWebApplication->runController('images/pegawai/...')
#1 D:\xampp\htdocs\taro_simpeg\common\lib\yii\base\CApplication.php(180): CWebApplication->processRequest()
#2 D:\xampp\htdocs\taro_simpeg\taro_simpeg\www\simpeg.sampang\index.php(16): CApplication->run()
#3 {main}
REQUEST_URI=/taro_simpeg/taro_simpeg/www/simpeg.sampang/images/pegawai/7895-350x350-foto
HTTP_REFERER=http://localhost/taro_simpeg/taro_simpeg/www/simpeg.sampang/pegawai/7895.html
---
2015/04/11 09:00:25 [error] [exception.CHttpException.404] exception 'CHttpException' with message 'Unable to resolve the request "images/pegawai/7895-350x350-foto".' in D:\xampp\htdocs\taro_simpeg\common\lib\yii\web\CWebApplication.php:286
Stack trace:
#0 D:\xampp\htdocs\taro_simpeg\common\lib\yii\web\CWebApplication.php(141): CWebApplication->runController('images/pegawai/...')
#1 D:\xampp\htdocs\taro_simpeg\common\lib\yii\base\CApplication.php(180): CWebApplication->processRequest()
#2 D:\xampp\htdocs\taro_simpeg\taro_simpeg\www\simpeg.sampang\index.php(16): CApplication->run()
#3 {main}
REQUEST_URI=/taro_simpeg/taro_simpeg/www/simpeg.sampang/images/pegawai/7895-350x350-foto
HTTP_REFERER=http://localhost/taro_simpeg/taro_simpeg/www/simpeg.sampang/pegawai/7895.html
---
