2015/03/07 15:50:18 [error] [exception.CHttpException.404] exception 'CHttpException' with message 'The system is unable to find the requested action "images".' in D:\xampp\htdocs\common\lib\yii\web\CController.php:483
Stack trace:
#0 D:\xampp\htdocs\common\lib\yii\web\CController.php(270): CController->missingAction('images')
#1 D:\xampp\htdocs\common\lib\yii\web\CWebApplication.php(282): CController->run('images')
#2 D:\xampp\htdocs\common\lib\yii\web\CWebApplication.php(141): CWebApplication->runController('site/images/fav...')
#3 D:\xampp\htdocs\common\lib\yii\base\CApplication.php(180): CWebApplication->processRequest()
#4 D:\xampp\htdocs\simpeg_new\www\simpeg.sampang\index.php(16): CApplication->run()
#5 {main}
REQUEST_URI=/simpeg_new/www/simpeg.sampang/site/images/favicon.ico
---
2015/03/09 08:11:42 [error] [exception.CHttpException.404] exception 'CHttpException' with message 'The system is unable to find the requested action "images".' in D:\xampp\htdocs\common\lib\yii\web\CController.php:483
Stack trace:
#0 D:\xampp\htdocs\common\lib\yii\web\CController.php(270): CController->missingAction('images')
#1 D:\xampp\htdocs\common\lib\yii\web\CWebApplication.php(282): CController->run('images')
#2 D:\xampp\htdocs\common\lib\yii\web\CWebApplication.php(141): CWebApplication->runController('site/images/fav...')
#3 D:\xampp\htdocs\common\lib\yii\base\CApplication.php(180): CWebApplication->processRequest()
#4 D:\xampp\htdocs\simpeg_new\www\simpeg.sampang\index.php(16): CApplication->run()
#5 {main}
REQUEST_URI=/simpeg_new/www/simpeg.sampang/site/images/favicon.ico
---
2015/03/09 08:11:42 [error] [exception.CHttpException.404] exception 'CHttpException' with message 'The system is unable to find the requested action "images".' in D:\xampp\htdocs\common\lib\yii\web\CController.php:483
Stack trace:
#0 D:\xampp\htdocs\common\lib\yii\web\CController.php(270): CController->missingAction('images')
#1 D:\xampp\htdocs\common\lib\yii\web\CWebApplication.php(282): CController->run('images')
#2 D:\xampp\htdocs\common\lib\yii\web\CWebApplication.php(141): CWebApplication->runController('site/images/fav...')
#3 D:\xampp\htdocs\common\lib\yii\base\CApplication.php(180): CWebApplication->processRequest()
#4 D:\xampp\htdocs\simpeg_new\www\simpeg.sampang\index.php(16): CApplication->run()
#5 {main}
REQUEST_URI=/simpeg_new/www/simpeg.sampang/site/images/favicon.ico
---
2015/03/09 08:44:13 [error] [exception.CException] exception 'CException' with message 'Property "PermohonanMutasi.pegawai" is not defined.' in D:\xampp\htdocs\common\lib\yii\base\CComponent.php:130
Stack trace:
#0 D:\xampp\htdocs\common\lib\yii\db\ar\CActiveRecord.php(145): CComponent->__get('pegawai')
#1 D:\xampp\htdocs\common\lib\yii\base\CComponent.php(612) : eval()'d code(1): CActiveRecord->__get('pegawai')
#2 D:\xampp\htdocs\common\lib\yii\base\CComponent.php(612): eval()
#3 D:\xampp\htdocs\common\lib\yii\zii\widgets\grid\CDataColumn.php(137): CComponent->evaluateExpression('$data->pegawai', Array)
#4 D:\xampp\htdocs\common\lib\yii\zii\widgets\grid\CGridColumn.php(151): CDataColumn->renderDataCellContent(0, Object(PermohonanMutasi))
#5 D:\xampp\htdocs\common\lib\yii\zii\widgets\grid\CGridView.php(616): CGridColumn->renderDataCell(0)
#6 D:\xampp\htdocs\common\lib\yii\zii\widgets\grid\CGridView.php(572): CGridView->renderTableRow(0)
#7 D:\xampp\htdocs\common\lib\yii\zii\widgets\grid\CGridView.php(482): CGridView->renderTableBody()
#8 D:\xampp\htdocs\common\lib\yii\zii\widgets\CBaseListView.php(167): CGridView->renderItems()
#9 [internal function]: CBaseListView->renderSection(Array)
#10 D:\xampp\htdocs\common\lib\yii\zii\widgets\CBaseListView.php(150): preg_replace_callback('/{(\w+)}/', Array, '{summary}{pager...')
#11 D:\xampp\htdocs\common\lib\yii\zii\widgets\CBaseListView.php(135): CBaseListView->renderContent()
#12 D:\xampp\htdocs\common\lib\yii\web\CBaseController.php(173): CBaseListView->run()
#13 D:\xampp\htdocs\simpeg_new\views\permohonanMutasi\index.php(136): CBaseController->widget('bootstrap.widge...', Array)
#14 D:\xampp\htdocs\common\lib\yii\web\CBaseController.php(126): require('D:\xampp\htdocs...')
#15 D:\xampp\htdocs\common\lib\yii\web\CBaseController.php(95): CBaseController->renderInternal('D:\xampp\htdocs...', Array, true)
#16 D:\xampp\htdocs\common\lib\yii\web\CController.php(869): CBaseController->renderFile('D:\xampp\htdocs...', Array, true)
#17 D:\xampp\htdocs\common\lib\yii\web\CController.php(782): CController->renderPartial('index', Array, true)
#18 D:\xampp\htdocs\simpeg_new\controllers\PermohonanMutasiController.php(231): CController->render('index', Array)
#19 D:\xampp\htdocs\common\lib\yii\web\actions\CInlineAction.php(49): PermohonanMutasiController->actionIndex()
#20 D:\xampp\htdocs\common\lib\yii\web\CController.php(308): CInlineAction->runWithParams(Array)
#21 D:\xampp\htdocs\common\lib\yii\web\filters\CFilterChain.php(133): CController->runAction(Object(CInlineAction))
#22 D:\xampp\htdocs\common\lib\yii\web\filters\CFilter.php(40): CFilterChain->run()
#23 D:\xampp\htdocs\common\lib\yii\web\CController.php(1145): CFilter->filter(Object(CFilterChain))
#24 D:\xampp\htdocs\common\lib\yii\web\filters\CInlineFilter.php(58): CController->filterAccessControl(Object(CFilterChain))
#25 D:\xampp\htdocs\common\lib\yii\web\filters\CFilterChain.php(130): CInlineFilter->filter(Object(CFilterChain))
#26 D:\xampp\htdocs\common\lib\yii\web\CController.php(291): CFilterChain->run()
#27 D:\xampp\htdocs\common\lib\yii\web\CController.php(265): CController->runActionWithFilters(Object(CInlineAction), Array)
#28 D:\xampp\htdocs\common\lib\yii\web\CWebApplication.php(282): CController->run('index')
#29 D:\xampp\htdocs\common\lib\yii\web\CWebApplication.php(141): CWebApplication->runController('permohonanMutas...')
#30 D:\xampp\htdocs\common\lib\yii\base\CApplication.php(180): CWebApplication->processRequest()
#31 D:\xampp\htdocs\simpeg_new\www\simpeg.sampang\index.php(16): CApplication->run()
#32 {main}
REQUEST_URI=/simpeg_new/www/simpeg.sampang/permohonanMutasi/index.html
HTTP_REFERER=http://localhost/simpeg_new/www/simpeg.sampang/permohonanMutasi/1.html
---
2015/03/09 08:44:44 [error] [exception.CException] exception 'CException' with message 'Property "PermohonanMutasi.unitKerja" is not defined.' in D:\xampp\htdocs\common\lib\yii\base\CComponent.php:130
Stack trace:
#0 D:\xampp\htdocs\common\lib\yii\db\ar\CActiveRecord.php(145): CComponent->__get('unitKerja')
#1 D:\xampp\htdocs\common\lib\yii\base\CComponent.php(612) : eval()'d code(1): CActiveRecord->__get('unitKerja')
#2 D:\xampp\htdocs\common\lib\yii\base\CComponent.php(612): eval()
#3 D:\xampp\htdocs\common\lib\yii\zii\widgets\grid\CDataColumn.php(137): CComponent->evaluateExpression('$data->unitKerj...', Array)
#4 D:\xampp\htdocs\common\lib\yii\zii\widgets\grid\CGridColumn.php(151): CDataColumn->renderDataCellContent(0, Object(PermohonanMutasi))
#5 D:\xampp\htdocs\common\lib\yii\zii\widgets\grid\CGridView.php(616): CGridColumn->renderDataCell(0)
#6 D:\xampp\htdocs\common\lib\yii\zii\widgets\grid\CGridView.php(572): CGridView->renderTableRow(0)
#7 D:\xampp\htdocs\common\lib\yii\zii\widgets\grid\CGridView.php(482): CGridView->renderTableBody()
#8 D:\xampp\htdocs\common\lib\yii\zii\widgets\CBaseListView.php(167): CGridView->renderItems()
#9 [internal function]: CBaseListView->renderSection(Array)
#10 D:\xampp\htdocs\common\lib\yii\zii\widgets\CBaseListView.php(150): preg_replace_callback('/{(\w+)}/', Array, '{summary}{pager...')
#11 D:\xampp\htdocs\common\lib\yii\zii\widgets\CBaseListView.php(135): CBaseListView->renderContent()
#12 D:\xampp\htdocs\common\lib\yii\web\CBaseController.php(173): CBaseListView->run()
#13 D:\xampp\htdocs\simpeg_new\views\permohonanMutasi\index.php(136): CBaseController->widget('bootstrap.widge...', Array)
#14 D:\xampp\htdocs\common\lib\yii\web\CBaseController.php(126): require('D:\xampp\htdocs...')
#15 D:\xampp\htdocs\common\lib\yii\web\CBaseController.php(95): CBaseController->renderInternal('D:\xampp\htdocs...', Array, true)
#16 D:\xampp\htdocs\common\lib\yii\web\CController.php(869): CBaseController->renderFile('D:\xampp\htdocs...', Array, true)
#17 D:\xampp\htdocs\common\lib\yii\web\CController.php(782): CController->renderPartial('index', Array, true)
#18 D:\xampp\htdocs\simpeg_new\controllers\PermohonanMutasiController.php(231): CController->render('index', Array)
#19 D:\xampp\htdocs\common\lib\yii\web\actions\CInlineAction.php(49): PermohonanMutasiController->actionIndex()
#20 D:\xampp\htdocs\common\lib\yii\web\CController.php(308): CInlineAction->runWithParams(Array)
#21 D:\xampp\htdocs\common\lib\yii\web\filters\CFilterChain.php(133): CController->runAction(Object(CInlineAction))
#22 D:\xampp\htdocs\common\lib\yii\web\filters\CFilter.php(40): CFilterChain->run()
#23 D:\xampp\htdocs\common\lib\yii\web\CController.php(1145): CFilter->filter(Object(CFilterChain))
#24 D:\xampp\htdocs\common\lib\yii\web\filters\CInlineFilter.php(58): CController->filterAccessControl(Object(CFilterChain))
#25 D:\xampp\htdocs\common\lib\yii\web\filters\CFilterChain.php(130): CInlineFilter->filter(Object(CFilterChain))
#26 D:\xampp\htdocs\common\lib\yii\web\CController.php(291): CFilterChain->run()
#27 D:\xampp\htdocs\common\lib\yii\web\CController.php(265): CController->runActionWithFilters(Object(CInlineAction), Array)
#28 D:\xampp\htdocs\common\lib\yii\web\CWebApplication.php(282): CController->run('index')
#29 D:\xampp\htdocs\common\lib\yii\web\CWebApplication.php(141): CWebApplication->runController('permohonanMutas...')
#30 D:\xampp\htdocs\common\lib\yii\base\CApplication.php(180): CWebApplication->processRequest()
#31 D:\xampp\htdocs\simpeg_new\www\simpeg.sampang\index.php(16): CApplication->run()
#32 {main}
REQUEST_URI=/simpeg_new/www/simpeg.sampang/permohonanMutasi/index.html
HTTP_REFERER=http://localhost/simpeg_new/www/simpeg.sampang/permohonanMutasi/1.html
---
2015/03/11 08:25:25 [error] [exception.CHttpException.404] exception 'CHttpException' with message 'The system is unable to find the requested action "images".' in D:\xampp\htdocs\common\lib\yii\web\CController.php:483
Stack trace:
#0 D:\xampp\htdocs\common\lib\yii\web\CController.php(270): CController->missingAction('images')
#1 D:\xampp\htdocs\common\lib\yii\web\CWebApplication.php(282): CController->run('images')
#2 D:\xampp\htdocs\common\lib\yii\web\CWebApplication.php(141): CWebApplication->runController('site/images/fav...')
#3 D:\xampp\htdocs\common\lib\yii\base\CApplication.php(180): CWebApplication->processRequest()
#4 D:\xampp\htdocs\simpeg_new\www\simpeg.sampang\index.php(16): CApplication->run()
#5 {main}
REQUEST_URI=/simpeg_new/www/simpeg.sampang/site/images/favicon.ico
---
2015/03/11 08:25:25 [error] [exception.CHttpException.404] exception 'CHttpException' with message 'The system is unable to find the requested action "images".' in D:\xampp\htdocs\common\lib\yii\web\CController.php:483
Stack trace:
#0 D:\xampp\htdocs\common\lib\yii\web\CController.php(270): CController->missingAction('images')
#1 D:\xampp\htdocs\common\lib\yii\web\CWebApplication.php(282): CController->run('images')
#2 D:\xampp\htdocs\common\lib\yii\web\CWebApplication.php(141): CWebApplication->runController('site/images/fav...')
#3 D:\xampp\htdocs\common\lib\yii\base\CApplication.php(180): CWebApplication->processRequest()
#4 D:\xampp\htdocs\simpeg_new\www\simpeg.sampang\index.php(16): CApplication->run()
#5 {main}
REQUEST_URI=/simpeg_new/www/simpeg.sampang/site/images/favicon.ico
---
2015/03/11 08:54:30 [error] [exception.CDbException] exception 'CDbException' with message 'You should not use CActiveRecord::save() method when NestedSetBehavior attached.' in D:\xampp\htdocs\common\extensions\NestedSetBehavior\NestedSetBehavior.php:555
Stack trace:
#0 D:\xampp\htdocs\common\lib\yii\base\CComponent.php(561): NestedSetBehavior->beforeSave(Object(CModelEvent))
#1 D:\xampp\htdocs\common\lib\yii\db\ar\CActiveRecord.php(840): CComponent->raiseEvent('onBeforeSave', Object(CModelEvent))
#2 D:\xampp\htdocs\common\lib\yii\db\ar\CActiveRecord.php(942): CActiveRecord->onBeforeSave(Object(CModelEvent))
#3 D:\xampp\htdocs\common\lib\yii\db\ar\CActiveRecord.php(1119): CActiveRecord->beforeSave()
#4 D:\xampp\htdocs\common\lib\yii\db\ar\CActiveRecord.php(806): CActiveRecord->update(NULL)
#5 D:\xampp\htdocs\simpeg_new\controllers\PermohonanMutasiController.php(160): CActiveRecord->save()
#6 [internal function]: PermohonanMutasiController->actionUpdate('1')
#7 D:\xampp\htdocs\common\lib\yii\web\actions\CAction.php(108): ReflectionMethod->invokeArgs(Object(PermohonanMutasiController), Array)
#8 D:\xampp\htdocs\common\lib\yii\web\actions\CInlineAction.php(47): CAction->runWithParamsInternal(Object(PermohonanMutasiController), Object(ReflectionMethod), Array)
#9 D:\xampp\htdocs\common\lib\yii\web\CController.php(308): CInlineAction->runWithParams(Array)
#10 D:\xampp\htdocs\common\lib\yii\web\filters\CFilterChain.php(133): CController->runAction(Object(CInlineAction))
#11 D:\xampp\htdocs\common\lib\yii\web\filters\CFilter.php(40): CFilterChain->run()
#12 D:\xampp\htdocs\common\lib\yii\web\CController.php(1145): CFilter->filter(Object(CFilterChain))
#13 D:\xampp\htdocs\common\lib\yii\web\filters\CInlineFilter.php(58): CController->filterAccessControl(Object(CFilterChain))
#14 D:\xampp\htdocs\common\lib\yii\web\filters\CFilterChain.php(130): CInlineFilter->filter(Object(CFilterChain))
#15 D:\xampp\htdocs\common\lib\yii\web\CController.php(291): CFilterChain->run()
#16 D:\xampp\htdocs\common\lib\yii\web\CController.php(265): CController->runActionWithFilters(Object(CInlineAction), Array)
#17 D:\xampp\htdocs\common\lib\yii\web\CWebApplication.php(282): CController->run('update')
#18 D:\xampp\htdocs\common\lib\yii\web\CWebApplication.php(141): CWebApplication->runController('permohonanMutas...')
#19 D:\xampp\htdocs\common\lib\yii\base\CApplication.php(180): CWebApplication->processRequest()
#20 D:\xampp\htdocs\simpeg_new\www\simpeg.sampang\index.php(16): CApplication->run()
#21 {main}
REQUEST_URI=/simpeg_new/www/simpeg.sampang/permohonanMutasi/update/1.html
HTTP_REFERER=http://localhost/simpeg_new/www/simpeg.sampang/permohonanMutasi/update/1.html
---
2015/03/11 09:17:19 [error] [exception.CHttpException.404] exception 'CHttpException' with message 'The system is unable to find the requested action "images".' in D:\xampp\htdocs\common\lib\yii\web\CController.php:483
Stack trace:
#0 D:\xampp\htdocs\common\lib\yii\web\CController.php(270): CController->missingAction('images')
#1 D:\xampp\htdocs\common\lib\yii\web\CWebApplication.php(282): CController->run('images')
#2 D:\xampp\htdocs\common\lib\yii\web\CWebApplication.php(141): CWebApplication->runController('site/images/fav...')
#3 D:\xampp\htdocs\common\lib\yii\base\CApplication.php(180): CWebApplication->processRequest()
#4 D:\xampp\htdocs\simpeg_new\www\simpeg.sampang\index.php(16): CApplication->run()
#5 {main}
REQUEST_URI=/simpeg_new/www/simpeg.sampang/site/images/favicon.ico
---
2015/03/11 09:41:06 [warning] [application] Failed to set unsafe attribute "client_logo" of "SiteConfig".
2015/03/11 09:43:12 [warning] [application] Failed to set unsafe attribute "client_logo" of "SiteConfig".
2015/03/11 09:52:46 [error] [exception.CException] exception 'CException' with message 'PermohonanPensiunController contains improperly nested widget tags in its view "D:\xampp\htdocs\simpeg_new\views\permohonanPensiun\index.php". A TbActiveForm widget does not have an endWidget() call.' in D:\xampp\htdocs\common\lib\yii\web\CBaseController.php:101
Stack trace:
#0 D:\xampp\htdocs\common\lib\yii\web\CController.php(869): CBaseController->renderFile('D:\xampp\htdocs...', Array, true)
#1 D:\xampp\htdocs\common\lib\yii\web\CController.php(782): CController->renderPartial('index', Array, true)
#2 D:\xampp\htdocs\simpeg_new\controllers\PermohonanPensiunController.php(191): CController->render('index', Array)
#3 D:\xampp\htdocs\common\lib\yii\web\actions\CInlineAction.php(49): PermohonanPensiunController->actionIndex()
#4 D:\xampp\htdocs\common\lib\yii\web\CController.php(308): CInlineAction->runWithParams(Array)
#5 D:\xampp\htdocs\common\lib\yii\web\filters\CFilterChain.php(133): CController->runAction(Object(CInlineAction))
#6 D:\xampp\htdocs\common\lib\yii\web\filters\CFilter.php(40): CFilterChain->run()
#7 D:\xampp\htdocs\common\lib\yii\web\CController.php(1145): CFilter->filter(Object(CFilterChain))
#8 D:\xampp\htdocs\common\lib\yii\web\filters\CInlineFilter.php(58): CController->filterAccessControl(Object(CFilterChain))
#9 D:\xampp\htdocs\common\lib\yii\web\filters\CFilterChain.php(130): CInlineFilter->filter(Object(CFilterChain))
#10 D:\xampp\htdocs\common\lib\yii\web\CController.php(291): CFilterChain->run()
#11 D:\xampp\htdocs\common\lib\yii\web\CController.php(265): CController->runActionWithFilters(Object(CInlineAction), Array)
#12 D:\xampp\htdocs\common\lib\yii\web\CWebApplication.php(282): CController->run('')
#13 D:\xampp\htdocs\common\lib\yii\web\CWebApplication.php(141): CWebApplication->runController('permohonanPensi...')
#14 D:\xampp\htdocs\common\lib\yii\base\CApplication.php(180): CWebApplication->processRequest()
#15 D:\xampp\htdocs\simpeg_new\www\simpeg.sampang\index.php(16): CApplication->run()
#16 {main}
REQUEST_URI=/simpeg_new/www/simpeg.sampang/permohonanPensiun.html
HTTP_REFERER=http://localhost/simpeg_new/www/simpeg.sampang/permohonanMutasi/2.html
---
2015/03/11 10:17:52 [error] [exception.CException] exception 'CException' with message 'Property "PermohonanPensiun.unit_kerja_lama" is not defined.' in D:\xampp\htdocs\common\lib\yii\base\CComponent.php:130
Stack trace:
#0 D:\xampp\htdocs\common\lib\yii\db\ar\CActiveRecord.php(145): CComponent->__get('unit_kerja_lama')
#1 D:\xampp\htdocs\simpeg_new\views\permohonanPensiun\_form.php(114): CActiveRecord->__get('unit_kerja_lama')
#2 D:\xampp\htdocs\common\lib\yii\web\CBaseController.php(126): require('D:\xampp\htdocs...')
#3 D:\xampp\htdocs\common\lib\yii\web\CBaseController.php(95): CBaseController->renderInternal('D:\xampp\htdocs...', Array, true)
#4 D:\xampp\htdocs\common\lib\yii\web\CController.php(869): CBaseController->renderFile('D:\xampp\htdocs...', Array, true)
#5 D:\xampp\htdocs\simpeg_new\views\permohonanPensiun\update.php(42): CController->renderPartial('_form', Array)
#6 D:\xampp\htdocs\common\lib\yii\web\CBaseController.php(126): require('D:\xampp\htdocs...')
#7 D:\xampp\htdocs\common\lib\yii\web\CBaseController.php(95): CBaseController->renderInternal('D:\xampp\htdocs...', Array, true)
#8 D:\xampp\htdocs\common\lib\yii\web\CController.php(869): CBaseController->renderFile('D:\xampp\htdocs...', Array, true)
#9 D:\xampp\htdocs\common\lib\yii\web\CController.php(782): CController->renderPartial('update', Array, true)
#10 D:\xampp\htdocs\simpeg_new\controllers\PermohonanPensiunController.php(128): CController->render('update', Array)
#11 D:\xampp\htdocs\simpeg_new\controllers\PermohonanPensiunController.php(53): PermohonanPensiunController->actionUpdate('1')
#12 [internal function]: PermohonanPensiunController->actionView('1')
#13 D:\xampp\htdocs\common\lib\yii\web\actions\CAction.php(108): ReflectionMethod->invokeArgs(Object(PermohonanPensiunController), Array)
#14 D:\xampp\htdocs\common\lib\yii\web\actions\CInlineAction.php(47): CAction->runWithParamsInternal(Object(PermohonanPensiunController), Object(ReflectionMethod), Array)
#15 D:\xampp\htdocs\common\lib\yii\web\CController.php(308): CInlineAction->runWithParams(Array)
#16 D:\xampp\htdocs\common\lib\yii\web\filters\CFilterChain.php(133): CController->runAction(Object(CInlineAction))
#17 D:\xampp\htdocs\common\lib\yii\web\filters\CFilter.php(40): CFilterChain->run()
#18 D:\xampp\htdocs\common\lib\yii\web\CController.php(1145): CFilter->filter(Object(CFilterChain))
#19 D:\xampp\htdocs\common\lib\yii\web\filters\CInlineFilter.php(58): CController->filterAccessControl(Object(CFilterChain))
#20 D:\xampp\htdocs\common\lib\yii\web\filters\CFilterChain.php(130): CInlineFilter->filter(Object(CFilterChain))
#21 D:\xampp\htdocs\common\lib\yii\web\CController.php(291): CFilterChain->run()
#22 D:\xampp\htdocs\common\lib\yii\web\CController.php(265): CController->runActionWithFilters(Object(CInlineAction), Array)
#23 D:\xampp\htdocs\common\lib\yii\web\CWebApplication.php(282): CController->run('view')
#24 D:\xampp\htdocs\common\lib\yii\web\CWebApplication.php(141): CWebApplication->runController('permohonanPensi...')
#25 D:\xampp\htdocs\common\lib\yii\base\CApplication.php(180): CWebApplication->processRequest()
#26 D:\xampp\htdocs\simpeg_new\www\simpeg.sampang\index.php(16): CApplication->run()
#27 {main}
REQUEST_URI=/simpeg_new/www/simpeg.sampang/permohonanPensiun/1.html
HTTP_REFERER=http://localhost/simpeg_new/www/simpeg.sampang/permohonanPensiun/create.html
---
2015/03/11 10:19:32 [error] [exception.CException] exception 'CException' with message 'Property "PermohonanPensiun.new_tipe_jabatan" is not defined.' in D:\xampp\htdocs\common\lib\yii\base\CComponent.php:130
Stack trace:
#0 D:\xampp\htdocs\common\lib\yii\db\ar\CActiveRecord.php(145): CComponent->__get('new_tipe_jabata...')
#1 D:\xampp\htdocs\simpeg_new\models\PermohonanPensiun.php(159): CActiveRecord->__get('new_tipe_jabata...')
#2 D:\xampp\htdocs\common\lib\yii\base\CComponent.php(111): PermohonanPensiun->getJabatan()
#3 D:\xampp\htdocs\common\lib\yii\db\ar\CActiveRecord.php(145): CComponent->__get('jabatan')
#4 D:\xampp\htdocs\simpeg_new\views\permohonanPensiun\_form.php(115): CActiveRecord->__get('jabatan')
#5 D:\xampp\htdocs\common\lib\yii\web\CBaseController.php(126): require('D:\xampp\htdocs...')
#6 D:\xampp\htdocs\common\lib\yii\web\CBaseController.php(95): CBaseController->renderInternal('D:\xampp\htdocs...', Array, true)
#7 D:\xampp\htdocs\common\lib\yii\web\CController.php(869): CBaseController->renderFile('D:\xampp\htdocs...', Array, true)
#8 D:\xampp\htdocs\simpeg_new\views\permohonanPensiun\update.php(42): CController->renderPartial('_form', Array)
#9 D:\xampp\htdocs\common\lib\yii\web\CBaseController.php(126): require('D:\xampp\htdocs...')
#10 D:\xampp\htdocs\common\lib\yii\web\CBaseController.php(95): CBaseController->renderInternal('D:\xampp\htdocs...', Array, true)
#11 D:\xampp\htdocs\common\lib\yii\web\CController.php(869): CBaseController->renderFile('D:\xampp\htdocs...', Array, true)
#12 D:\xampp\htdocs\common\lib\yii\web\CController.php(782): CController->renderPartial('update', Array, true)
#13 D:\xampp\htdocs\simpeg_new\controllers\PermohonanPensiunController.php(128): CController->render('update', Array)
#14 D:\xampp\htdocs\simpeg_new\controllers\PermohonanPensiunController.php(53): PermohonanPensiunController->actionUpdate('1')
#15 [internal function]: PermohonanPensiunController->actionView('1')
#16 D:\xampp\htdocs\common\lib\yii\web\actions\CAction.php(108): ReflectionMethod->invokeArgs(Object(PermohonanPensiunController), Array)
#17 D:\xampp\htdocs\common\lib\yii\web\actions\CInlineAction.php(47): CAction->runWithParamsInternal(Object(PermohonanPensiunController), Object(ReflectionMethod), Array)
#18 D:\xampp\htdocs\common\lib\yii\web\CController.php(308): CInlineAction->runWithParams(Array)
#19 D:\xampp\htdocs\common\lib\yii\web\filters\CFilterChain.php(133): CController->runAction(Object(CInlineAction))
#20 D:\xampp\htdocs\common\lib\yii\web\filters\CFilter.php(40): CFilterChain->run()
#21 D:\xampp\htdocs\common\lib\yii\web\CController.php(1145): CFilter->filter(Object(CFilterChain))
#22 D:\xampp\htdocs\common\lib\yii\web\filters\CInlineFilter.php(58): CController->filterAccessControl(Object(CFilterChain))
#23 D:\xampp\htdocs\common\lib\yii\web\filters\CFilterChain.php(130): CInlineFilter->filter(Object(CFilterChain))
#24 D:\xampp\htdocs\common\lib\yii\web\CController.php(291): CFilterChain->run()
#25 D:\xampp\htdocs\common\lib\yii\web\CController.php(265): CController->runActionWithFilters(Object(CInlineAction), Array)
#26 D:\xampp\htdocs\common\lib\yii\web\CWebApplication.php(282): CController->run('view')
#27 D:\xampp\htdocs\common\lib\yii\web\CWebApplication.php(141): CWebApplication->runController('permohonanPensi...')
#28 D:\xampp\htdocs\common\lib\yii\base\CApplication.php(180): CWebApplication->processRequest()
#29 D:\xampp\htdocs\simpeg_new\www\simpeg.sampang\index.php(16): CApplication->run()
#30 {main}
REQUEST_URI=/simpeg_new/www/simpeg.sampang/permohonanPensiun/1.html
HTTP_REFERER=http://localhost/simpeg_new/www/simpeg.sampang/permohonanPensiun/create.html
---
2015/03/11 10:20:52 [error] [exception.CHttpException.404] exception 'CHttpException' with message 'The system is unable to find the requested action "images".' in D:\xampp\htdocs\common\lib\yii\web\CController.php:483
Stack trace:
#0 D:\xampp\htdocs\common\lib\yii\web\CController.php(270): CController->missingAction('images')
#1 D:\xampp\htdocs\common\lib\yii\web\CWebApplication.php(282): CController->run('images')
#2 D:\xampp\htdocs\common\lib\yii\web\CWebApplication.php(141): CWebApplication->runController('site/images/fav...')
#3 D:\xampp\htdocs\common\lib\yii\base\CApplication.php(180): CWebApplication->processRequest()
#4 D:\xampp\htdocs\simpeg_new\www\simpeg.sampang\index.php(16): CApplication->run()
#5 {main}
REQUEST_URI=/simpeg_new/www/simpeg.sampang/site/images/favicon.ico
---
2015/03/11 10:32:56 [warning] [application] Failed to set unsafe attribute "client_logo" of "SiteConfig".
2015/03/11 10:36:21 [warning] [application] Failed to set unsafe attribute "client_logo" of "SiteConfig".
2015/03/11 10:39:27 [error] [php] Undefined variable: criteria (D:\xampp\htdocs\simpeg_new\controllers\PermohonanPensiunController.php:205)
Stack trace:
#0 D:\xampp\htdocs\common\lib\yii\web\filters\CFilterChain.php(133): PermohonanPensiunController->runAction()
#1 D:\xampp\htdocs\common\lib\yii\web\filters\CFilter.php(40): CFilterChain->run()
#2 D:\xampp\htdocs\common\lib\yii\web\CController.php(1145): CAccessControlFilter->filter()
#3 D:\xampp\htdocs\common\lib\yii\web\filters\CInlineFilter.php(58): PermohonanPensiunController->filterAccessControl()
#4 D:\xampp\htdocs\common\lib\yii\web\filters\CFilterChain.php(130): CInlineFilter->filter()
#5 D:\xampp\htdocs\common\lib\yii\web\CController.php(291): CFilterChain->run()
#6 D:\xampp\htdocs\common\lib\yii\web\CController.php(265): PermohonanPensiunController->runActionWithFilters()
#7 D:\xampp\htdocs\common\lib\yii\web\CWebApplication.php(282): PermohonanPensiunController->run()
#8 D:\xampp\htdocs\common\lib\yii\web\CWebApplication.php(141): CWebApplication->runController()
#9 D:\xampp\htdocs\common\lib\yii\base\CApplication.php(180): CWebApplication->processRequest()
#10 D:\xampp\htdocs\simpeg_new\www\simpeg.sampang\index.php(16): CWebApplication->run()
REQUEST_URI=/simpeg_new/www/simpeg.sampang/permohonanPensiun/index.html?PermohonanPensiun%5Bnomor_register%5D=&PermohonanPensiun%5Btanggal%5D=&PermohonanPensiun%5Bpegawai_id%5D=0&PermohonanPensiun%5Btmt%5D=2015-02-26&ajax=permohonan-pensiun-grid
2015/03/11 10:51:16 [error] [php] Undefined variable: form (D:\xampp\htdocs\simpeg_new\views\pegawai\rekap.php:15)
Stack trace:
#0 D:\xampp\htdocs\common\lib\yii\web\CController.php(869): PegawaiController->renderFile()
#1 D:\xampp\htdocs\common\lib\yii\web\CController.php(782): PegawaiController->renderPartial()
#2 D:\xampp\htdocs\simpeg_new\controllers\PegawaiController.php(729): PegawaiController->render()
#3 D:\xampp\htdocs\common\lib\yii\web\actions\CInlineAction.php(49): PegawaiController->actionRekap()
#4 D:\xampp\htdocs\common\lib\yii\web\CController.php(308): CInlineAction->runWithParams()
#5 D:\xampp\htdocs\common\lib\yii\web\filters\CFilterChain.php(133): PegawaiController->runAction()
#6 D:\xampp\htdocs\common\lib\yii\web\filters\CFilter.php(40): CFilterChain->run()
#7 D:\xampp\htdocs\common\lib\yii\web\CController.php(1145): CAccessControlFilter->filter()
#8 D:\xampp\htdocs\common\lib\yii\web\filters\CInlineFilter.php(58): PegawaiController->filterAccessControl()
#9 D:\xampp\htdocs\common\lib\yii\web\filters\CFilterChain.php(130): CInlineFilter->filter()
#10 D:\xampp\htdocs\common\lib\yii\web\CController.php(291): CFilterChain->run()
#11 D:\xampp\htdocs\common\lib\yii\web\CController.php(265): PegawaiController->runActionWithFilters()
#12 D:\xampp\htdocs\common\lib\yii\web\CWebApplication.php(282): PegawaiController->run()
#13 D:\xampp\htdocs\common\lib\yii\web\CWebApplication.php(141): CWebApplication->runController()
#14 D:\xampp\htdocs\common\lib\yii\base\CApplication.php(180): CWebApplication->processRequest()
#15 D:\xampp\htdocs\simpeg_new\www\simpeg.sampang\index.php(16): CWebApplication->run()
REQUEST_URI=/simpeg_new/www/simpeg.sampang/pegawai/rekap.html
2015/03/11 10:55:35 [error] [exception.CException] exception 'CException' with message 'Pegawai and its behaviors do not have a method or closure named "arrRekapitulasi".' in D:\xampp\htdocs\common\lib\yii\base\CComponent.php:266
Stack trace:
#0 D:\xampp\htdocs\common\lib\yii\db\ar\CActiveRecord.php(227): CComponent->__call('arrRekapitulasi', Array)
#1 D:\xampp\htdocs\simpeg_new\views\pegawai\rekap.php(39): CActiveRecord->__call('arrRekapitulasi', Array)
#2 D:\xampp\htdocs\simpeg_new\views\pegawai\rekap.php(39): Pegawai->arrRekapitulasi()
#3 D:\xampp\htdocs\common\lib\yii\web\CBaseController.php(126): require('D:\xampp\htdocs...')
#4 D:\xampp\htdocs\common\lib\yii\web\CBaseController.php(95): CBaseController->renderInternal('D:\xampp\htdocs...', Array, true)
#5 D:\xampp\htdocs\common\lib\yii\web\CController.php(869): CBaseController->renderFile('D:\xampp\htdocs...', Array, true)
#6 D:\xampp\htdocs\common\lib\yii\web\CController.php(782): CController->renderPartial('rekap', Array, true)
#7 D:\xampp\htdocs\simpeg_new\controllers\PegawaiController.php(729): CController->render('rekap', Array)
#8 D:\xampp\htdocs\common\lib\yii\web\actions\CInlineAction.php(49): PegawaiController->actionRekap()
#9 D:\xampp\htdocs\common\lib\yii\web\CController.php(308): CInlineAction->runWithParams(Array)
#10 D:\xampp\htdocs\common\lib\yii\web\filters\CFilterChain.php(133): CController->runAction(Object(CInlineAction))
#11 D:\xampp\htdocs\common\lib\yii\web\filters\CFilter.php(40): CFilterChain->run()
#12 D:\xampp\htdocs\common\lib\yii\web\CController.php(1145): CFilter->filter(Object(CFilterChain))
#13 D:\xampp\htdocs\common\lib\yii\web\filters\CInlineFilter.php(58): CController->filterAccessControl(Object(CFilterChain))
#14 D:\xampp\htdocs\common\lib\yii\web\filters\CFilterChain.php(130): CInlineFilter->filter(Object(CFilterChain))
#15 D:\xampp\htdocs\common\lib\yii\web\CController.php(291): CFilterChain->run()
#16 D:\xampp\htdocs\common\lib\yii\web\CController.php(265): CController->runActionWithFilters(Object(CInlineAction), Array)
#17 D:\xampp\htdocs\common\lib\yii\web\CWebApplication.php(282): CController->run('rekap')
#18 D:\xampp\htdocs\common\lib\yii\web\CWebApplication.php(141): CWebApplication->runController('pegawai/rekap')
#19 D:\xampp\htdocs\common\lib\yii\base\CApplication.php(180): CWebApplication->processRequest()
#20 D:\xampp\htdocs\simpeg_new\www\simpeg.sampang\index.php(16): CApplication->run()
#21 {main}
REQUEST_URI=/simpeg_new/www/simpeg.sampang/pegawai/rekap.html
HTTP_REFERER=http://localhost/simpeg_new/www/simpeg.sampang/report/urutKepangkatan.html
---
2015/03/11 11:09:11 [error] [system.db.CDbCommand] CDbCommand::fetch() failed: SQLSTATE[42000]: Syntax error or access violation: 1064 You have an error in your SQL syntax; check the manual that corresponds to your MySQL server version for the right syntax to use near 'WHERE id > 0' at line 1. The SQL statement executed was: SELECT COUNT(`id`) as total FROM `acca_pegawai` group by agama WHERE id > 0.
2015/03/11 11:09:11 [error] [exception.CDbException] exception 'CDbException' with message 'CDbCommand failed to execute the SQL statement: SQLSTATE[42000]: Syntax error or access violation: 1064 You have an error in your SQL syntax; check the manual that corresponds to your MySQL server version for the right syntax to use near 'WHERE id > 0' at line 1. The SQL statement executed was: SELECT COUNT(`id`) as total FROM `acca_pegawai` group by agama WHERE id > 0' in D:\xampp\htdocs\common\lib\yii\db\CDbCommand.php:543
Stack trace:
#0 D:\xampp\htdocs\common\lib\yii\db\CDbCommand.php(415): CDbCommand->queryInternal('fetch', Array, Array)
#1 D:\xampp\htdocs\common\lib\yii\db\ar\CActiveRecord.php(1558): CDbCommand->queryRow()
#2 D:\xampp\htdocs\simpeg_new\views\pegawai\_rekap.php(8): CActiveRecord->findBySql('SELECT COUNT(`i...')
#3 D:\xampp\htdocs\common\lib\yii\web\CBaseController.php(126): require('D:\xampp\htdocs...')
#4 D:\xampp\htdocs\common\lib\yii\web\CBaseController.php(95): CBaseController->renderInternal('D:\xampp\htdocs...', Array, true)
#5 D:\xampp\htdocs\common\lib\yii\web\CController.php(869): CBaseController->renderFile('D:\xampp\htdocs...', Array, true)
#6 D:\xampp\htdocs\simpeg_new\views\pegawai\rekap.php(77): CController->renderPartial('_rekap', Array)
#7 D:\xampp\htdocs\common\lib\yii\web\CBaseController.php(126): require('D:\xampp\htdocs...')
#8 D:\xampp\htdocs\common\lib\yii\web\CBaseController.php(95): CBaseController->renderInternal('D:\xampp\htdocs...', Array, true)
#9 D:\xampp\htdocs\common\lib\yii\web\CController.php(869): CBaseController->renderFile('D:\xampp\htdocs...', Array, true)
#10 D:\xampp\htdocs\common\lib\yii\web\CController.php(782): CController->renderPartial('rekap', Array, true)
#11 D:\xampp\htdocs\simpeg_new\controllers\PegawaiController.php(732): CController->render('rekap', Array)
#12 D:\xampp\htdocs\common\lib\yii\web\actions\CInlineAction.php(49): PegawaiController->actionRekap()
#13 D:\xampp\htdocs\common\lib\yii\web\CController.php(308): CInlineAction->runWithParams(Array)
#14 D:\xampp\htdocs\common\lib\yii\web\filters\CFilterChain.php(133): CController->runAction(Object(CInlineAction))
#15 D:\xampp\htdocs\common\lib\yii\web\filters\CFilter.php(40): CFilterChain->run()
#16 D:\xampp\htdocs\common\lib\yii\web\CController.php(1145): CFilter->filter(Object(CFilterChain))
#17 D:\xampp\htdocs\common\lib\yii\web\filters\CInlineFilter.php(58): CController->filterAccessControl(Object(CFilterChain))
#18 D:\xampp\htdocs\common\lib\yii\web\filters\CFilterChain.php(130): CInlineFilter->filter(Object(CFilterChain))
#19 D:\xampp\htdocs\common\lib\yii\web\CController.php(291): CFilterChain->run()
#20 D:\xampp\htdocs\common\lib\yii\web\CController.php(265): CController->runActionWithFilters(Object(CInlineAction), Array)
#21 D:\xampp\htdocs\common\lib\yii\web\CWebApplication.php(282): CController->run('rekap')
#22 D:\xampp\htdocs\common\lib\yii\web\CWebApplication.php(141): CWebApplication->runController('pegawai/rekap')
#23 D:\xampp\htdocs\common\lib\yii\base\CApplication.php(180): CWebApplication->processRequest()
#24 D:\xampp\htdocs\simpeg_new\www\simpeg.sampang\index.php(16): CApplication->run()
#25 {main}
REQUEST_URI=/simpeg_new/www/simpeg.sampang/pegawai/rekap.html
HTTP_REFERER=http://localhost/simpeg_new/www/simpeg.sampang/pegawai/rekap.html
---
2015/03/11 11:10:54 [error] [php] Trying to get property of non-object (D:\xampp\htdocs\simpeg_new\views\pegawai\_rekap.php:13)
Stack trace:
#0 D:\xampp\htdocs\common\lib\yii\web\CController.php(869): PegawaiController->renderFile()
#1 D:\xampp\htdocs\simpeg_new\views\pegawai\rekap.php(77): PegawaiController->renderPartial()
#2 D:\xampp\htdocs\common\lib\yii\web\CBaseController.php(126): require()
#3 D:\xampp\htdocs\common\lib\yii\web\CBaseController.php(95): PegawaiController->renderInternal()
#4 D:\xampp\htdocs\common\lib\yii\web\CController.php(869): PegawaiController->renderFile()
#5 D:\xampp\htdocs\common\lib\yii\web\CController.php(782): PegawaiController->renderPartial()
#6 D:\xampp\htdocs\simpeg_new\controllers\PegawaiController.php(732): PegawaiController->render()
#7 D:\xampp\htdocs\common\lib\yii\web\actions\CInlineAction.php(49): PegawaiController->actionRekap()
#8 D:\xampp\htdocs\common\lib\yii\web\CController.php(308): CInlineAction->runWithParams()
#9 D:\xampp\htdocs\common\lib\yii\web\filters\CFilterChain.php(133): PegawaiController->runAction()
#10 D:\xampp\htdocs\common\lib\yii\web\filters\CFilter.php(40): CFilterChain->run()
#11 D:\xampp\htdocs\common\lib\yii\web\CController.php(1145): CAccessControlFilter->filter()
#12 D:\xampp\htdocs\common\lib\yii\web\filters\CInlineFilter.php(58): PegawaiController->filterAccessControl()
#13 D:\xampp\htdocs\common\lib\yii\web\filters\CFilterChain.php(130): CInlineFilter->filter()
#14 D:\xampp\htdocs\common\lib\yii\web\CController.php(291): CFilterChain->run()
#15 D:\xampp\htdocs\common\lib\yii\web\CController.php(265): PegawaiController->runActionWithFilters()
#16 D:\xampp\htdocs\common\lib\yii\web\CWebApplication.php(282): PegawaiController->run()
#17 D:\xampp\htdocs\common\lib\yii\web\CWebApplication.php(141): CWebApplication->runController()
#18 D:\xampp\htdocs\common\lib\yii\base\CApplication.php(180): CWebApplication->processRequest()
#19 D:\xampp\htdocs\simpeg_new\www\simpeg.sampang\index.php(16): CWebApplication->run()
REQUEST_URI=/simpeg_new/www/simpeg.sampang/pegawai/rekap.html
2015/03/11 11:11:29 [error] [php] Trying to get property of non-object (D:\xampp\htdocs\simpeg_new\views\pegawai\_rekap.php:13)
Stack trace:
#0 D:\xampp\htdocs\common\lib\yii\web\CController.php(869): PegawaiController->renderFile()
#1 D:\xampp\htdocs\simpeg_new\views\pegawai\rekap.php(77): PegawaiController->renderPartial()
#2 D:\xampp\htdocs\common\lib\yii\web\CBaseController.php(126): require()
#3 D:\xampp\htdocs\common\lib\yii\web\CBaseController.php(95): PegawaiController->renderInternal()
#4 D:\xampp\htdocs\common\lib\yii\web\CController.php(869): PegawaiController->renderFile()
#5 D:\xampp\htdocs\common\lib\yii\web\CController.php(782): PegawaiController->renderPartial()
#6 D:\xampp\htdocs\simpeg_new\controllers\PegawaiController.php(732): PegawaiController->render()
#7 D:\xampp\htdocs\common\lib\yii\web\actions\CInlineAction.php(49): PegawaiController->actionRekap()
#8 D:\xampp\htdocs\common\lib\yii\web\CController.php(308): CInlineAction->runWithParams()
#9 D:\xampp\htdocs\common\lib\yii\web\filters\CFilterChain.php(133): PegawaiController->runAction()
#10 D:\xampp\htdocs\common\lib\yii\web\filters\CFilter.php(40): CFilterChain->run()
#11 D:\xampp\htdocs\common\lib\yii\web\CController.php(1145): CAccessControlFilter->filter()
#12 D:\xampp\htdocs\common\lib\yii\web\filters\CInlineFilter.php(58): PegawaiController->filterAccessControl()
#13 D:\xampp\htdocs\common\lib\yii\web\filters\CFilterChain.php(130): CInlineFilter->filter()
#14 D:\xampp\htdocs\common\lib\yii\web\CController.php(291): CFilterChain->run()
#15 D:\xampp\htdocs\common\lib\yii\web\CController.php(265): PegawaiController->runActionWithFilters()
#16 D:\xampp\htdocs\common\lib\yii\web\CWebApplication.php(282): PegawaiController->run()
#17 D:\xampp\htdocs\common\lib\yii\web\CWebApplication.php(141): CWebApplication->runController()
#18 D:\xampp\htdocs\common\lib\yii\base\CApplication.php(180): CWebApplication->processRequest()
#19 D:\xampp\htdocs\simpeg_new\www\simpeg.sampang\index.php(16): CWebApplication->run()
REQUEST_URI=/simpeg_new/www/simpeg.sampang/pegawai/rekap.html
2015/03/11 11:13:08 [error] [php] Trying to get property of non-object (D:\xampp\htdocs\simpeg_new\views\pegawai\_rekap.php:15)
Stack trace:
#0 D:\xampp\htdocs\common\lib\yii\web\CController.php(869): PegawaiController->renderFile()
#1 D:\xampp\htdocs\simpeg_new\views\pegawai\rekap.php(77): PegawaiController->renderPartial()
#2 D:\xampp\htdocs\common\lib\yii\web\CBaseController.php(126): require()
#3 D:\xampp\htdocs\common\lib\yii\web\CBaseController.php(95): PegawaiController->renderInternal()
#4 D:\xampp\htdocs\common\lib\yii\web\CController.php(869): PegawaiController->renderFile()
#5 D:\xampp\htdocs\common\lib\yii\web\CController.php(782): PegawaiController->renderPartial()
#6 D:\xampp\htdocs\simpeg_new\controllers\PegawaiController.php(732): PegawaiController->render()
#7 D:\xampp\htdocs\common\lib\yii\web\actions\CInlineAction.php(49): PegawaiController->actionRekap()
#8 D:\xampp\htdocs\common\lib\yii\web\CController.php(308): CInlineAction->runWithParams()
#9 D:\xampp\htdocs\common\lib\yii\web\filters\CFilterChain.php(133): PegawaiController->runAction()
#10 D:\xampp\htdocs\common\lib\yii\web\filters\CFilter.php(40): CFilterChain->run()
#11 D:\xampp\htdocs\common\lib\yii\web\CController.php(1145): CAccessControlFilter->filter()
#12 D:\xampp\htdocs\common\lib\yii\web\filters\CInlineFilter.php(58): PegawaiController->filterAccessControl()
#13 D:\xampp\htdocs\common\lib\yii\web\filters\CFilterChain.php(130): CInlineFilter->filter()
#14 D:\xampp\htdocs\common\lib\yii\web\CController.php(291): CFilterChain->run()
#15 D:\xampp\htdocs\common\lib\yii\web\CController.php(265): PegawaiController->runActionWithFilters()
#16 D:\xampp\htdocs\common\lib\yii\web\CWebApplication.php(282): PegawaiController->run()
#17 D:\xampp\htdocs\common\lib\yii\web\CWebApplication.php(141): CWebApplication->runController()
#18 D:\xampp\htdocs\common\lib\yii\base\CApplication.php(180): CWebApplication->processRequest()
#19 D:\xampp\htdocs\simpeg_new\www\simpeg.sampang\index.php(16): CWebApplication->run()
REQUEST_URI=/simpeg_new/www/simpeg.sampang/pegawai/rekap.html
2015/03/11 11:13:23 [error] [php] Illegal string offset 'agama' (D:\xampp\htdocs\simpeg_new\views\pegawai\_rekap.php:15)
Stack trace:
#0 D:\xampp\htdocs\common\lib\yii\web\CController.php(869): PegawaiController->renderFile()
#1 D:\xampp\htdocs\simpeg_new\views\pegawai\rekap.php(77): PegawaiController->renderPartial()
#2 D:\xampp\htdocs\common\lib\yii\web\CBaseController.php(126): require()
#3 D:\xampp\htdocs\common\lib\yii\web\CBaseController.php(95): PegawaiController->renderInternal()
#4 D:\xampp\htdocs\common\lib\yii\web\CController.php(869): PegawaiController->renderFile()
#5 D:\xampp\htdocs\common\lib\yii\web\CController.php(782): PegawaiController->renderPartial()
#6 D:\xampp\htdocs\simpeg_new\controllers\PegawaiController.php(732): PegawaiController->render()
#7 D:\xampp\htdocs\common\lib\yii\web\actions\CInlineAction.php(49): PegawaiController->actionRekap()
#8 D:\xampp\htdocs\common\lib\yii\web\CController.php(308): CInlineAction->runWithParams()
#9 D:\xampp\htdocs\common\lib\yii\web\filters\CFilterChain.php(133): PegawaiController->runAction()
#10 D:\xampp\htdocs\common\lib\yii\web\filters\CFilter.php(40): CFilterChain->run()
#11 D:\xampp\htdocs\common\lib\yii\web\CController.php(1145): CAccessControlFilter->filter()
#12 D:\xampp\htdocs\common\lib\yii\web\filters\CInlineFilter.php(58): PegawaiController->filterAccessControl()
#13 D:\xampp\htdocs\common\lib\yii\web\filters\CFilterChain.php(130): CInlineFilter->filter()
#14 D:\xampp\htdocs\common\lib\yii\web\CController.php(291): CFilterChain->run()
#15 D:\xampp\htdocs\common\lib\yii\web\CController.php(265): PegawaiController->runActionWithFilters()
#16 D:\xampp\htdocs\common\lib\yii\web\CWebApplication.php(282): PegawaiController->run()
#17 D:\xampp\htdocs\common\lib\yii\web\CWebApplication.php(141): CWebApplication->runController()
#18 D:\xampp\htdocs\common\lib\yii\base\CApplication.php(180): CWebApplication->processRequest()
#19 D:\xampp\htdocs\simpeg_new\www\simpeg.sampang\index.php(16): CWebApplication->run()
REQUEST_URI=/simpeg_new/www/simpeg.sampang/pegawai/rekap.html
2015/03/11 11:19:46 [error] [exception.CException] exception 'CException' with message 'Property "Pegawai.total" is not defined.' in D:\xampp\htdocs\common\lib\yii\base\CComponent.php:130
Stack trace:
#0 D:\xampp\htdocs\common\lib\yii\db\ar\CActiveRecord.php(145): CComponent->__get('total')
#1 D:\xampp\htdocs\simpeg_new\views\pegawai\_rekap.php(14): CActiveRecord->__get('total')
#2 D:\xampp\htdocs\common\lib\yii\web\CBaseController.php(126): require('D:\xampp\htdocs...')
#3 D:\xampp\htdocs\common\lib\yii\web\CBaseController.php(95): CBaseController->renderInternal('D:\xampp\htdocs...', Array, true)
#4 D:\xampp\htdocs\common\lib\yii\web\CController.php(869): CBaseController->renderFile('D:\xampp\htdocs...', Array, true)
#5 D:\xampp\htdocs\simpeg_new\views\pegawai\rekap.php(77): CController->renderPartial('_rekap', Array)
#6 D:\xampp\htdocs\common\lib\yii\web\CBaseController.php(126): require('D:\xampp\htdocs...')
#7 D:\xampp\htdocs\common\lib\yii\web\CBaseController.php(95): CBaseController->renderInternal('D:\xampp\htdocs...', Array, true)
#8 D:\xampp\htdocs\common\lib\yii\web\CController.php(869): CBaseController->renderFile('D:\xampp\htdocs...', Array, true)
#9 D:\xampp\htdocs\common\lib\yii\web\CController.php(782): CController->renderPartial('rekap', Array, true)
#10 D:\xampp\htdocs\simpeg_new\controllers\PegawaiController.php(732): CController->render('rekap', Array)
#11 D:\xampp\htdocs\common\lib\yii\web\actions\CInlineAction.php(49): PegawaiController->actionRekap()
#12 D:\xampp\htdocs\common\lib\yii\web\CController.php(308): CInlineAction->runWithParams(Array)
#13 D:\xampp\htdocs\common\lib\yii\web\filters\CFilterChain.php(133): CController->runAction(Object(CInlineAction))
#14 D:\xampp\htdocs\common\lib\yii\web\filters\CFilter.php(40): CFilterChain->run()
#15 D:\xampp\htdocs\common\lib\yii\web\CController.php(1145): CFilter->filter(Object(CFilterChain))
#16 D:\xampp\htdocs\common\lib\yii\web\filters\CInlineFilter.php(58): CController->filterAccessControl(Object(CFilterChain))
#17 D:\xampp\htdocs\common\lib\yii\web\filters\CFilterChain.php(130): CInlineFilter->filter(Object(CFilterChain))
#18 D:\xampp\htdocs\common\lib\yii\web\CController.php(291): CFilterChain->run()
#19 D:\xampp\htdocs\common\lib\yii\web\CController.php(265): CController->runActionWithFilters(Object(CInlineAction), Array)
#20 D:\xampp\htdocs\common\lib\yii\web\CWebApplication.php(282): CController->run('rekap')
#21 D:\xampp\htdocs\common\lib\yii\web\CWebApplication.php(141): CWebApplication->runController('pegawai/rekap')
#22 D:\xampp\htdocs\common\lib\yii\base\CApplication.php(180): CWebApplication->processRequest()
#23 D:\xampp\htdocs\simpeg_new\www\simpeg.sampang\index.php(16): CApplication->run()
#24 {main}
REQUEST_URI=/simpeg_new/www/simpeg.sampang/pegawai/rekap.html
HTTP_REFERER=http://localhost/simpeg_new/www/simpeg.sampang/pegawai/rekap.html
---
2015/03/11 11:36:12 [error] [php] Undefined variable: sq (D:\xampp\htdocs\simpeg_new\views\pegawai\_rekap.php:13)
Stack trace:
#0 D:\xampp\htdocs\common\lib\yii\web\CController.php(869): PegawaiController->renderFile()
#1 D:\xampp\htdocs\simpeg_new\views\pegawai\rekap.php(77): PegawaiController->renderPartial()
#2 D:\xampp\htdocs\common\lib\yii\web\CBaseController.php(126): require()
#3 D:\xampp\htdocs\common\lib\yii\web\CBaseController.php(95): PegawaiController->renderInternal()
#4 D:\xampp\htdocs\common\lib\yii\web\CController.php(869): PegawaiController->renderFile()
#5 D:\xampp\htdocs\common\lib\yii\web\CController.php(782): PegawaiController->renderPartial()
#6 D:\xampp\htdocs\simpeg_new\controllers\PegawaiController.php(732): PegawaiController->render()
#7 D:\xampp\htdocs\common\lib\yii\web\actions\CInlineAction.php(49): PegawaiController->actionRekap()
#8 D:\xampp\htdocs\common\lib\yii\web\CController.php(308): CInlineAction->runWithParams()
#9 D:\xampp\htdocs\common\lib\yii\web\filters\CFilterChain.php(133): PegawaiController->runAction()
#10 D:\xampp\htdocs\common\lib\yii\web\filters\CFilter.php(40): CFilterChain->run()
#11 D:\xampp\htdocs\common\lib\yii\web\CController.php(1145): CAccessControlFilter->filter()
#12 D:\xampp\htdocs\common\lib\yii\web\filters\CInlineFilter.php(58): PegawaiController->filterAccessControl()
#13 D:\xampp\htdocs\common\lib\yii\web\filters\CFilterChain.php(130): CInlineFilter->filter()
#14 D:\xampp\htdocs\common\lib\yii\web\CController.php(291): CFilterChain->run()
#15 D:\xampp\htdocs\common\lib\yii\web\CController.php(265): PegawaiController->runActionWithFilters()
#16 D:\xampp\htdocs\common\lib\yii\web\CWebApplication.php(282): PegawaiController->run()
#17 D:\xampp\htdocs\common\lib\yii\web\CWebApplication.php(141): CWebApplication->runController()
#18 D:\xampp\htdocs\common\lib\yii\base\CApplication.php(180): CWebApplication->processRequest()
#19 D:\xampp\htdocs\simpeg_new\www\simpeg.sampang\index.php(16): CWebApplication->run()
REQUEST_URI=/simpeg_new/www/simpeg.sampang/pegawai/rekap.html
2015/03/11 11:36:40 [error] [php] Trying to get property of non-object (D:\xampp\htdocs\simpeg_new\views\pegawai\_rekap.php:53)
Stack trace:
#0 D:\xampp\htdocs\common\lib\yii\web\CController.php(869): PegawaiController->renderFile()
#1 D:\xampp\htdocs\simpeg_new\views\pegawai\rekap.php(77): PegawaiController->renderPartial()
#2 D:\xampp\htdocs\common\lib\yii\web\CBaseController.php(126): require()
#3 D:\xampp\htdocs\common\lib\yii\web\CBaseController.php(95): PegawaiController->renderInternal()
#4 D:\xampp\htdocs\common\lib\yii\web\CController.php(869): PegawaiController->renderFile()
#5 D:\xampp\htdocs\common\lib\yii\web\CController.php(782): PegawaiController->renderPartial()
#6 D:\xampp\htdocs\simpeg_new\controllers\PegawaiController.php(732): PegawaiController->render()
#7 D:\xampp\htdocs\common\lib\yii\web\actions\CInlineAction.php(49): PegawaiController->actionRekap()
#8 D:\xampp\htdocs\common\lib\yii\web\CController.php(308): CInlineAction->runWithParams()
#9 D:\xampp\htdocs\common\lib\yii\web\filters\CFilterChain.php(133): PegawaiController->runAction()
#10 D:\xampp\htdocs\common\lib\yii\web\filters\CFilter.php(40): CFilterChain->run()
#11 D:\xampp\htdocs\common\lib\yii\web\CController.php(1145): CAccessControlFilter->filter()
#12 D:\xampp\htdocs\common\lib\yii\web\filters\CInlineFilter.php(58): PegawaiController->filterAccessControl()
#13 D:\xampp\htdocs\common\lib\yii\web\filters\CFilterChain.php(130): CInlineFilter->filter()
#14 D:\xampp\htdocs\common\lib\yii\web\CController.php(291): CFilterChain->run()
#15 D:\xampp\htdocs\common\lib\yii\web\CController.php(265): PegawaiController->runActionWithFilters()
#16 D:\xampp\htdocs\common\lib\yii\web\CWebApplication.php(282): PegawaiController->run()
#17 D:\xampp\htdocs\common\lib\yii\web\CWebApplication.php(141): CWebApplication->runController()
#18 D:\xampp\htdocs\common\lib\yii\base\CApplication.php(180): CWebApplication->processRequest()
#19 D:\xampp\htdocs\simpeg_new\www\simpeg.sampang\index.php(16): CWebApplication->run()
REQUEST_URI=/simpeg_new/www/simpeg.sampang/pegawai/rekap.html
2015/03/11 11:41:43 [error] [exception.CException] exception 'CException' with message 'PegawaiController cannot find the requested view "rekapAgama".' in D:\xampp\htdocs\common\lib\yii\web\CController.php:878
Stack trace:
#0 D:\xampp\htdocs\simpeg_new\views\pegawai\_rekap.php(22): CController->renderPartial('rekapAgama', Array)
#1 D:\xampp\htdocs\common\lib\yii\web\CBaseController.php(126): require('D:\xampp\htdocs...')
#2 D:\xampp\htdocs\common\lib\yii\web\CBaseController.php(95): CBaseController->renderInternal('D:\xampp\htdocs...', Array, true)
#3 D:\xampp\htdocs\common\lib\yii\web\CController.php(869): CBaseController->renderFile('D:\xampp\htdocs...', Array, true)
#4 D:\xampp\htdocs\simpeg_new\views\pegawai\rekap.php(77): CController->renderPartial('_rekap', Array)
#5 D:\xampp\htdocs\common\lib\yii\web\CBaseController.php(126): require('D:\xampp\htdocs...')
#6 D:\xampp\htdocs\common\lib\yii\web\CBaseController.php(95): CBaseController->renderInternal('D:\xampp\htdocs...', Array, true)
#7 D:\xampp\htdocs\common\lib\yii\web\CController.php(869): CBaseController->renderFile('D:\xampp\htdocs...', Array, true)
#8 D:\xampp\htdocs\common\lib\yii\web\CController.php(782): CController->renderPartial('rekap', Array, true)
#9 D:\xampp\htdocs\simpeg_new\controllers\PegawaiController.php(732): CController->render('rekap', Array)
#10 D:\xampp\htdocs\common\lib\yii\web\actions\CInlineAction.php(49): PegawaiController->actionRekap()
#11 D:\xampp\htdocs\common\lib\yii\web\CController.php(308): CInlineAction->runWithParams(Array)
#12 D:\xampp\htdocs\common\lib\yii\web\filters\CFilterChain.php(133): CController->runAction(Object(CInlineAction))
#13 D:\xampp\htdocs\common\lib\yii\web\filters\CFilter.php(40): CFilterChain->run()
#14 D:\xampp\htdocs\common\lib\yii\web\CController.php(1145): CFilter->filter(Object(CFilterChain))
#15 D:\xampp\htdocs\common\lib\yii\web\filters\CInlineFilter.php(58): CController->filterAccessControl(Object(CFilterChain))
#16 D:\xampp\htdocs\common\lib\yii\web\filters\CFilterChain.php(130): CInlineFilter->filter(Object(CFilterChain))
#17 D:\xampp\htdocs\common\lib\yii\web\CController.php(291): CFilterChain->run()
#18 D:\xampp\htdocs\common\lib\yii\web\CController.php(265): CController->runActionWithFilters(Object(CInlineAction), Array)
#19 D:\xampp\htdocs\common\lib\yii\web\CWebApplication.php(282): CController->run('rekap')
#20 D:\xampp\htdocs\common\lib\yii\web\CWebApplication.php(141): CWebApplication->runController('pegawai/rekap')
#21 D:\xampp\htdocs\common\lib\yii\base\CApplication.php(180): CWebApplication->processRequest()
#22 D:\xampp\htdocs\simpeg_new\www\simpeg.sampang\index.php(16): CApplication->run()
#23 {main}
REQUEST_URI=/simpeg_new/www/simpeg.sampang/pegawai/rekap.html
HTTP_REFERER=http://localhost/simpeg_new/www/simpeg.sampang/pegawai/rekap.html
---
2015/03/11 11:41:53 [error] [php] Undefined variable: unitKerja (D:\xampp\htdocs\simpeg_new\views\pegawai\_rekapAgama.php:24)
Stack trace:
#0 D:\xampp\htdocs\common\lib\yii\web\CController.php(869): PegawaiController->renderFile()
#1 D:\xampp\htdocs\simpeg_new\views\pegawai\_rekap.php(22): PegawaiController->renderPartial()
#2 D:\xampp\htdocs\common\lib\yii\web\CBaseController.php(126): require()
#3 D:\xampp\htdocs\common\lib\yii\web\CBaseController.php(95): PegawaiController->renderInternal()
#4 D:\xampp\htdocs\common\lib\yii\web\CController.php(869): PegawaiController->renderFile()
#5 D:\xampp\htdocs\simpeg_new\views\pegawai\rekap.php(77): PegawaiController->renderPartial()
#6 D:\xampp\htdocs\common\lib\yii\web\CBaseController.php(126): require()
#7 D:\xampp\htdocs\common\lib\yii\web\CBaseController.php(95): PegawaiController->renderInternal()
#8 D:\xampp\htdocs\common\lib\yii\web\CController.php(869): PegawaiController->renderFile()
#9 D:\xampp\htdocs\common\lib\yii\web\CController.php(782): PegawaiController->renderPartial()
#10 D:\xampp\htdocs\simpeg_new\controllers\PegawaiController.php(732): PegawaiController->render()
#11 D:\xampp\htdocs\common\lib\yii\web\actions\CInlineAction.php(49): PegawaiController->actionRekap()
#12 D:\xampp\htdocs\common\lib\yii\web\CController.php(308): CInlineAction->runWithParams()
#13 D:\xampp\htdocs\common\lib\yii\web\filters\CFilterChain.php(133): PegawaiController->runAction()
#14 D:\xampp\htdocs\common\lib\yii\web\filters\CFilter.php(40): CFilterChain->run()
#15 D:\xampp\htdocs\common\lib\yii\web\CController.php(1145): CAccessControlFilter->filter()
#16 D:\xampp\htdocs\common\lib\yii\web\filters\CInlineFilter.php(58): PegawaiController->filterAccessControl()
#17 D:\xampp\htdocs\common\lib\yii\web\filters\CFilterChain.php(130): CInlineFilter->filter()
#18 D:\xampp\htdocs\common\lib\yii\web\CController.php(291): CFilterChain->run()
#19 D:\xampp\htdocs\common\lib\yii\web\CController.php(265): PegawaiController->runActionWithFilters()
#20 D:\xampp\htdocs\common\lib\yii\web\CWebApplication.php(282): PegawaiController->run()
#21 D:\xampp\htdocs\common\lib\yii\web\CWebApplication.php(141): CWebApplication->runController()
#22 D:\xampp\htdocs\common\lib\yii\base\CApplication.php(180): CWebApplication->processRequest()
#23 D:\xampp\htdocs\simpeg_new\www\simpeg.sampang\index.php(16): CWebApplication->run()
REQUEST_URI=/simpeg_new/www/simpeg.sampang/pegawai/rekap.html
2015/03/11 11:49:42 [error] [php] Undefined variable: jenis_kelamin (D:\xampp\htdocs\simpeg_new\views\pegawai\_rekap.php:30)
Stack trace:
#0 D:\xampp\htdocs\common\lib\yii\web\CController.php(869): PegawaiController->renderFile()
#1 D:\xampp\htdocs\simpeg_new\views\pegawai\rekap.php(77): PegawaiController->renderPartial()
#2 D:\xampp\htdocs\common\lib\yii\web\CBaseController.php(126): require()
#3 D:\xampp\htdocs\common\lib\yii\web\CBaseController.php(95): PegawaiController->renderInternal()
#4 D:\xampp\htdocs\common\lib\yii\web\CController.php(869): PegawaiController->renderFile()
#5 D:\xampp\htdocs\common\lib\yii\web\CController.php(782): PegawaiController->renderPartial()
#6 D:\xampp\htdocs\simpeg_new\controllers\PegawaiController.php(732): PegawaiController->render()
#7 D:\xampp\htdocs\common\lib\yii\web\actions\CInlineAction.php(49): PegawaiController->actionRekap()
#8 D:\xampp\htdocs\common\lib\yii\web\CController.php(308): CInlineAction->runWithParams()
#9 D:\xampp\htdocs\common\lib\yii\web\filters\CFilterChain.php(133): PegawaiController->runAction()
#10 D:\xampp\htdocs\common\lib\yii\web\filters\CFilter.php(40): CFilterChain->run()
#11 D:\xampp\htdocs\common\lib\yii\web\CController.php(1145): CAccessControlFilter->filter()
#12 D:\xampp\htdocs\common\lib\yii\web\filters\CInlineFilter.php(58): PegawaiController->filterAccessControl()
#13 D:\xampp\htdocs\common\lib\yii\web\filters\CFilterChain.php(130): CInlineFilter->filter()
#14 D:\xampp\htdocs\common\lib\yii\web\CController.php(291): CFilterChain->run()
#15 D:\xampp\htdocs\common\lib\yii\web\CController.php(265): PegawaiController->runActionWithFilters()
#16 D:\xampp\htdocs\common\lib\yii\web\CWebApplication.php(282): PegawaiController->run()
#17 D:\xampp\htdocs\common\lib\yii\web\CWebApplication.php(141): CWebApplication->runController()
#18 D:\xampp\htdocs\common\lib\yii\base\CApplication.php(180): CWebApplication->processRequest()
#19 D:\xampp\htdocs\simpeg_new\www\simpeg.sampang\index.php(16): CWebApplication->run()
REQUEST_URI=/simpeg_new/www/simpeg.sampang/pegawai/rekap.html
2015/03/11 11:50:03 [error] [php] Undefined variable: agama (D:\xampp\htdocs\simpeg_new\views\pegawai\_rekap.php:34)
Stack trace:
#0 D:\xampp\htdocs\common\lib\yii\web\CController.php(869): PegawaiController->renderFile()
#1 D:\xampp\htdocs\simpeg_new\views\pegawai\rekap.php(77): PegawaiController->renderPartial()
#2 D:\xampp\htdocs\common\lib\yii\web\CBaseController.php(126): require()
#3 D:\xampp\htdocs\common\lib\yii\web\CBaseController.php(95): PegawaiController->renderInternal()
#4 D:\xampp\htdocs\common\lib\yii\web\CController.php(869): PegawaiController->renderFile()
#5 D:\xampp\htdocs\common\lib\yii\web\CController.php(782): PegawaiController->renderPartial()
#6 D:\xampp\htdocs\simpeg_new\controllers\PegawaiController.php(732): PegawaiController->render()
#7 D:\xampp\htdocs\common\lib\yii\web\actions\CInlineAction.php(49): PegawaiController->actionRekap()
#8 D:\xampp\htdocs\common\lib\yii\web\CController.php(308): CInlineAction->runWithParams()
#9 D:\xampp\htdocs\common\lib\yii\web\filters\CFilterChain.php(133): PegawaiController->runAction()
#10 D:\xampp\htdocs\common\lib\yii\web\filters\CFilter.php(40): CFilterChain->run()
#11 D:\xampp\htdocs\common\lib\yii\web\CController.php(1145): CAccessControlFilter->filter()
#12 D:\xampp\htdocs\common\lib\yii\web\filters\CInlineFilter.php(58): PegawaiController->filterAccessControl()
#13 D:\xampp\htdocs\common\lib\yii\web\filters\CFilterChain.php(130): CInlineFilter->filter()
#14 D:\xampp\htdocs\common\lib\yii\web\CController.php(291): CFilterChain->run()
#15 D:\xampp\htdocs\common\lib\yii\web\CController.php(265): PegawaiController->runActionWithFilters()
#16 D:\xampp\htdocs\common\lib\yii\web\CWebApplication.php(282): PegawaiController->run()
#17 D:\xampp\htdocs\common\lib\yii\web\CWebApplication.php(141): CWebApplication->runController()
#18 D:\xampp\htdocs\common\lib\yii\base\CApplication.php(180): CWebApplication->processRequest()
#19 D:\xampp\htdocs\simpeg_new\www\simpeg.sampang\index.php(16): CWebApplication->run()
REQUEST_URI=/simpeg_new/www/simpeg.sampang/pegawai/rekap.html
2015/03/11 13:07:50 [error] [php] Undefined variable: row (D:\xampp\htdocs\simpeg_new\views\pegawai\rekapExcel.php:17)
Stack trace:
#0 D:\xampp\htdocs\common\lib\yii\web\CController.php(869): PegawaiController->renderFile()
#1 D:\xampp\htdocs\simpeg_new\controllers\PegawaiController.php(756): PegawaiController->renderPartial()
#2 D:\xampp\htdocs\common\lib\yii\web\actions\CInlineAction.php(49): PegawaiController->actionRekapExcel()
#3 D:\xampp\htdocs\common\lib\yii\web\CController.php(308): CInlineAction->runWithParams()
#4 D:\xampp\htdocs\common\lib\yii\web\filters\CFilterChain.php(133): PegawaiController->runAction()
#5 D:\xampp\htdocs\common\lib\yii\web\filters\CFilter.php(40): CFilterChain->run()
#6 D:\xampp\htdocs\common\lib\yii\web\CController.php(1145): CAccessControlFilter->filter()
#7 D:\xampp\htdocs\common\lib\yii\web\filters\CInlineFilter.php(58): PegawaiController->filterAccessControl()
#8 D:\xampp\htdocs\common\lib\yii\web\filters\CFilterChain.php(130): CInlineFilter->filter()
#9 D:\xampp\htdocs\common\lib\yii\web\CController.php(291): CFilterChain->run()
#10 D:\xampp\htdocs\common\lib\yii\web\CController.php(265): PegawaiController->runActionWithFilters()
#11 D:\xampp\htdocs\common\lib\yii\web\CWebApplication.php(282): PegawaiController->run()
#12 D:\xampp\htdocs\common\lib\yii\web\CWebApplication.php(141): CWebApplication->runController()
#13 D:\xampp\htdocs\common\lib\yii\base\CApplication.php(180): CWebApplication->processRequest()
#14 D:\xampp\htdocs\simpeg_new\www\simpeg.sampang\index.php(16): CWebApplication->run()
REQUEST_URI=/simpeg_new/www/simpeg.sampang/pegawai/rekapExcel?agama.html
2015/03/11 13:07:52 [error] [php] Undefined variable: row (D:\xampp\htdocs\simpeg_new\views\pegawai\rekapExcel.php:17)
Stack trace:
#0 D:\xampp\htdocs\common\lib\yii\web\CController.php(869): PegawaiController->renderFile()
#1 D:\xampp\htdocs\simpeg_new\controllers\PegawaiController.php(756): PegawaiController->renderPartial()
#2 D:\xampp\htdocs\common\lib\yii\web\actions\CInlineAction.php(49): PegawaiController->actionRekapExcel()
#3 D:\xampp\htdocs\common\lib\yii\web\CController.php(308): CInlineAction->runWithParams()
#4 D:\xampp\htdocs\common\lib\yii\web\filters\CFilterChain.php(133): PegawaiController->runAction()
#5 D:\xampp\htdocs\common\lib\yii\web\filters\CFilter.php(40): CFilterChain->run()
#6 D:\xampp\htdocs\common\lib\yii\web\CController.php(1145): CAccessControlFilter->filter()
#7 D:\xampp\htdocs\common\lib\yii\web\filters\CInlineFilter.php(58): PegawaiController->filterAccessControl()
#8 D:\xampp\htdocs\common\lib\yii\web\filters\CFilterChain.php(130): CInlineFilter->filter()
#9 D:\xampp\htdocs\common\lib\yii\web\CController.php(291): CFilterChain->run()
#10 D:\xampp\htdocs\common\lib\yii\web\CController.php(265): PegawaiController->runActionWithFilters()
#11 D:\xampp\htdocs\common\lib\yii\web\CWebApplication.php(282): PegawaiController->run()
#12 D:\xampp\htdocs\common\lib\yii\web\CWebApplication.php(141): CWebApplication->runController()
#13 D:\xampp\htdocs\common\lib\yii\base\CApplication.php(180): CWebApplication->processRequest()
#14 D:\xampp\htdocs\simpeg_new\www\simpeg.sampang\index.php(16): CWebApplication->run()
REQUEST_URI=/simpeg_new/www/simpeg.sampang/pegawai/rekapExcel?agama.html
2015/03/11 13:08:19 [error] [php] Undefined variable: row (D:\xampp\htdocs\simpeg_new\views\pegawai\rekapExcel.php:17)
Stack trace:
#0 D:\xampp\htdocs\common\lib\yii\web\CController.php(869): PegawaiController->renderFile()
#1 D:\xampp\htdocs\simpeg_new\controllers\PegawaiController.php(747): PegawaiController->renderPartial()
#2 D:\xampp\htdocs\common\lib\yii\web\actions\CInlineAction.php(49): PegawaiController->actionRekapExcel()
#3 D:\xampp\htdocs\common\lib\yii\web\CController.php(308): CInlineAction->runWithParams()
#4 D:\xampp\htdocs\common\lib\yii\web\filters\CFilterChain.php(133): PegawaiController->runAction()
#5 D:\xampp\htdocs\common\lib\yii\web\filters\CFilter.php(40): CFilterChain->run()
#6 D:\xampp\htdocs\common\lib\yii\web\CController.php(1145): CAccessControlFilter->filter()
#7 D:\xampp\htdocs\common\lib\yii\web\filters\CInlineFilter.php(58): PegawaiController->filterAccessControl()
#8 D:\xampp\htdocs\common\lib\yii\web\filters\CFilterChain.php(130): CInlineFilter->filter()
#9 D:\xampp\htdocs\common\lib\yii\web\CController.php(291): CFilterChain->run()
#10 D:\xampp\htdocs\common\lib\yii\web\CController.php(265): PegawaiController->runActionWithFilters()
#11 D:\xampp\htdocs\common\lib\yii\web\CWebApplication.php(282): PegawaiController->run()
#12 D:\xampp\htdocs\common\lib\yii\web\CWebApplication.php(141): CWebApplication->runController()
#13 D:\xampp\htdocs\common\lib\yii\base\CApplication.php(180): CWebApplication->processRequest()
#14 D:\xampp\htdocs\simpeg_new\www\simpeg.sampang\index.php(16): CWebApplication->run()
REQUEST_URI=/simpeg_new/www/simpeg.sampang/pegawai/rekapExcel?agama.html
2015/03/11 15:35:45 [error] [exception.CHttpException.404] exception 'CHttpException' with message 'The system is unable to find the requested action "images".' in D:\xampp\htdocs\common\lib\yii\web\CController.php:483
Stack trace:
#0 D:\xampp\htdocs\common\lib\yii\web\CController.php(270): CController->missingAction('images')
#1 D:\xampp\htdocs\common\lib\yii\web\CWebApplication.php(282): CController->run('images')
#2 D:\xampp\htdocs\common\lib\yii\web\CWebApplication.php(141): CWebApplication->runController('site/images/fav...')
#3 D:\xampp\htdocs\common\lib\yii\base\CApplication.php(180): CWebApplication->processRequest()
#4 D:\xampp\htdocs\simpeg_new\www\simpeg.sampang\index.php(16): CApplication->run()
#5 {main}
REQUEST_URI=/simpeg_new/www/simpeg.sampang/site/images/favicon.ico
---
2015/03/11 15:35:45 [error] [exception.CHttpException.404] exception 'CHttpException' with message 'The system is unable to find the requested action "images".' in D:\xampp\htdocs\common\lib\yii\web\CController.php:483
Stack trace:
#0 D:\xampp\htdocs\common\lib\yii\web\CController.php(270): CController->missingAction('images')
#1 D:\xampp\htdocs\common\lib\yii\web\CWebApplication.php(282): CController->run('images')
#2 D:\xampp\htdocs\common\lib\yii\web\CWebApplication.php(141): CWebApplication->runController('site/images/fav...')
#3 D:\xampp\htdocs\common\lib\yii\base\CApplication.php(180): CWebApplication->processRequest()
#4 D:\xampp\htdocs\simpeg_new\www\simpeg.sampang\index.php(16): CApplication->run()
#5 {main}
REQUEST_URI=/simpeg_new/www/simpeg.sampang/site/images/favicon.ico
---
2015/03/11 16:17:11 [error] [exception.CHttpException.404] exception 'CHttpException' with message 'The system is unable to find the requested action "permohonanMutasi".' in D:\xampp\htdocs\common\lib\yii\web\CController.php:483
Stack trace:
#0 D:\xampp\htdocs\common\lib\yii\web\CController.php(270): CController->missingAction('permohonanMutas...')
#1 D:\xampp\htdocs\common\lib\yii\web\CWebApplication.php(282): CController->run('permohonanMutas...')
#2 D:\xampp\htdocs\common\lib\yii\web\CWebApplication.php(141): CWebApplication->runController('report/permohon...')
#3 D:\xampp\htdocs\common\lib\yii\base\CApplication.php(180): CWebApplication->processRequest()
#4 D:\xampp\htdocs\simpeg_new\www\simpeg.sampang\index.php(16): CApplication->run()
#5 {main}
REQUEST_URI=/simpeg_new/www/simpeg.sampang/report/permohonanMutasi.html
HTTP_REFERER=http://localhost/simpeg_new/www/simpeg.sampang/permohonanPensiun.html
---
2015/03/11 16:17:11 [error] [exception.CHttpException.404] exception 'CHttpException' with message 'The system is unable to find the requested action "images".' in D:\xampp\htdocs\common\lib\yii\web\CController.php:483
Stack trace:
#0 D:\xampp\htdocs\common\lib\yii\web\CController.php(270): CController->missingAction('images')
#1 D:\xampp\htdocs\common\lib\yii\web\CWebApplication.php(282): CController->run('images')
#2 D:\xampp\htdocs\common\lib\yii\web\CWebApplication.php(141): CWebApplication->runController('report/images/f...')
#3 D:\xampp\htdocs\common\lib\yii\base\CApplication.php(180): CWebApplication->processRequest()
#4 D:\xampp\htdocs\simpeg_new\www\simpeg.sampang\index.php(16): CApplication->run()
#5 {main}
REQUEST_URI=/simpeg_new/www/simpeg.sampang/report/images/favicon.ico
---
2015/03/11 16:17:11 [error] [exception.CHttpException.404] exception 'CHttpException' with message 'The system is unable to find the requested action "images".' in D:\xampp\htdocs\common\lib\yii\web\CController.php:483
Stack trace:
#0 D:\xampp\htdocs\common\lib\yii\web\CController.php(270): CController->missingAction('images')
#1 D:\xampp\htdocs\common\lib\yii\web\CWebApplication.php(282): CController->run('images')
#2 D:\xampp\htdocs\common\lib\yii\web\CWebApplication.php(141): CWebApplication->runController('report/images/f...')
#3 D:\xampp\htdocs\common\lib\yii\base\CApplication.php(180): CWebApplication->processRequest()
#4 D:\xampp\htdocs\simpeg_new\www\simpeg.sampang\index.php(16): CApplication->run()
#5 {main}
REQUEST_URI=/simpeg_new/www/simpeg.sampang/report/images/favicon.ico
---
